[ 2017-04-24T10:51:02+08:00 ] 127.0.0.1 /index/index
[ 2017-04-24T10:51:02+08:00 ] /index/index | INFO: Tag[ route_check ] --START--
[ 2017-04-24T10:51:02+08:00 ] /index/index | INFO: Run CheckRoute Behavior [ RunTime:0.009919s ]
[ 2017-04-24T10:51:02+08:00 ] /index/index | INFO: Tag[ route_check ] --END-- [ RunTime:0.010000s ]
[ 2017-04-24T10:51:02+08:00 ] /index/index | NOTIC: [8192] preg_replace(): The /e modifier is deprecated, use preg_replace_callback instead Dispatcher.class.php 第 125 行.
[ 2017-04-24T10:51:02+08:00 ] /index/index | NOTIC: [8192] preg_replace(): The /e modifier is deprecated, use preg_replace_callback instead common.php 第 66 行.
[ 2017-04-24T10:51:02+08:00 ] /index/index | INFO: Tag[ app_begin ] --START--
[ 2017-04-24T10:51:02+08:00 ] /index/index | INFO: Run ReadHtmlCache Behavior [ RunTime:0.010266s ]
[ 2017-04-24T10:51:02+08:00 ] /index/index | INFO: Tag[ app_begin ] --END-- [ RunTime:0.010305s ]
[ 2017-04-24T10:51:02+08:00 ] /index/index | INFO: Tag[ view_template ] --START--
[ 2017-04-24T10:51:02+08:00 ] /index/index | INFO: Run LocationTemplate Behavior [ RunTime:0.001445s ]
[ 2017-04-24T10:51:02+08:00 ] /index/index | INFO: Tag[ view_template ] --END-- [ RunTime:0.001491s ]
[ 2017-04-24T10:51:02+08:00 ] /index/index | INFO: Tag[ view_parse ] --START--
[ 2017-04-24T10:51:02+08:00 ] /index/index | NOTIC: [8192] preg_replace(): The /e modifier is deprecated, use preg_replace_callback instead ThinkTemplate.class.php 第 186 行.
[ 2017-04-24T10:51:02+08:00 ] /index/index | NOTIC: [8192] preg_replace(): The /e modifier is deprecated, use preg_replace_callback instead ThinkTemplate.class.php 第 406 行.
[ 2017-04-24T10:51:02+08:00 ] /index/index | NOTIC: [8192] preg_replace(): The /e modifier is deprecated, use preg_replace_callback instead ThinkTemplate.class.php 第 406 行.
[ 2017-04-24T10:51:02+08:00 ] /index/index | NOTIC: [8192] preg_replace(): The /e modifier is deprecated, use preg_replace_callback instead ThinkTemplate.class.php 第 406 行.
[ 2017-04-24T10:51:02+08:00 ] /index/index | NOTIC: [8192] preg_replace(): The /e modifier is deprecated, use preg_replace_callback instead ThinkTemplate.class.php 第 406 行.
[ 2017-04-24T10:51:02+08:00 ] /index/index | NOTIC: [8192] preg_replace(): The /e modifier is deprecated, use preg_replace_callback instead ThinkTemplate.class.php 第 406 行.
[ 2017-04-24T10:51:02+08:00 ] /index/index | NOTIC: [8192] preg_replace(): The /e modifier is deprecated, use preg_replace_callback instead ThinkTemplate.class.php 第 406 行.
[ 2017-04-24T10:51:02+08:00 ] /index/index | NOTIC: [8192] preg_replace(): The /e modifier is deprecated, use preg_replace_callback instead ThinkTemplate.class.php 第 406 行.
[ 2017-04-24T10:51:02+08:00 ] /index/index | NOTIC: [8192] preg_replace(): The /e modifier is deprecated, use preg_replace_callback instead ThinkTemplate.class.php 第 406 行.
[ 2017-04-24T10:51:02+08:00 ] /index/index | NOTIC: [8192] preg_replace(): The /e modifier is deprecated, use preg_replace_callback instead ThinkTemplate.class.php 第 406 行.
[ 2017-04-24T10:51:02+08:00 ] /index/index | NOTIC: [8192] preg_replace(): The /e modifier is deprecated, use preg_replace_callback instead ThinkTemplate.class.php 第 402 行.
[ 2017-04-24T10:51:02+08:00 ] /index/index | NOTIC: [8192] preg_replace(): The /e modifier is deprecated, use preg_replace_callback instead ThinkTemplate.class.php 第 402 行.
[ 2017-04-24T10:51:02+08:00 ] /index/index | NOTIC: [8192] preg_replace(): The /e modifier is deprecated, use preg_replace_callback instead ThinkTemplate.class.php 第 406 行.
[ 2017-04-24T10:51:02+08:00 ] /index/index | NOTIC: [8192] preg_replace(): The /e modifier is deprecated, use preg_replace_callback instead ThinkTemplate.class.php 第 406 行.
[ 2017-04-24T10:51:02+08:00 ] /index/index | NOTIC: [8192] preg_replace(): The /e modifier is deprecated, use preg_replace_callback instead ThinkTemplate.class.php 第 406 行.
[ 2017-04-24T10:51:02+08:00 ] /index/index | NOTIC: [8192] preg_replace(): The /e modifier is deprecated, use preg_replace_callback instead ThinkTemplate.class.php 第 402 行.
[ 2017-04-24T10:51:02+08:00 ] /index/index | NOTIC: [8192] preg_replace(): The /e modifier is deprecated, use preg_replace_callback instead ThinkTemplate.class.php 第 406 行.
[ 2017-04-24T10:51:02+08:00 ] /index/index | NOTIC: [8192] preg_replace(): The /e modifier is deprecated, use preg_replace_callback instead ThinkTemplate.class.php 第 406 行.
[ 2017-04-24T10:51:02+08:00 ] /index/index | NOTIC: [8192] preg_replace(): The /e modifier is deprecated, use preg_replace_callback instead ThinkTemplate.class.php 第 406 行.
[ 2017-04-24T10:51:02+08:00 ] /index/index | NOTIC: [8192] preg_replace(): The /e modifier is deprecated, use preg_replace_callback instead ThinkTemplate.class.php 第 406 行.
[ 2017-04-24T10:51:02+08:00 ] /index/index | NOTIC: [8192] preg_replace(): The /e modifier is deprecated, use preg_replace_callback instead ThinkTemplate.class.php 第 406 行.
[ 2017-04-24T10:51:02+08:00 ] /index/index | NOTIC: [8192] preg_replace(): The /e modifier is deprecated, use preg_replace_callback instead ThinkTemplate.class.php 第 406 行.
[ 2017-04-24T10:51:02+08:00 ] /index/index | NOTIC: [8192] preg_replace(): The /e modifier is deprecated, use preg_replace_callback instead ThinkTemplate.class.php 第 406 行.
[ 2017-04-24T10:51:02+08:00 ] /index/index | NOTIC: [8192] preg_replace(): The /e modifier is deprecated, use preg_replace_callback instead ThinkTemplate.class.php 第 406 行.
[ 2017-04-24T10:51:02+08:00 ] /index/index | NOTIC: [8192] preg_replace(): The /e modifier is deprecated, use preg_replace_callback instead ThinkTemplate.class.php 第 406 行.
[ 2017-04-24T10:51:02+08:00 ] /index/index | NOTIC: [8192] preg_replace(): The /e modifier is deprecated, use preg_replace_callback instead ThinkTemplate.class.php 第 406 行.
[ 2017-04-24T10:51:02+08:00 ] /index/index | NOTIC: [8192] preg_replace(): The /e modifier is deprecated, use preg_replace_callback instead ThinkTemplate.class.php 第 406 行.
[ 2017-04-24T10:51:02+08:00 ] /index/index | NOTIC: [8192] preg_replace(): The /e modifier is deprecated, use preg_replace_callback instead ThinkTemplate.class.php 第 406 行.
[ 2017-04-24T10:51:02+08:00 ] /index/index | NOTIC: [8192] preg_replace(): The /e modifier is deprecated, use preg_replace_callback instead ThinkTemplate.class.php 第 406 行.
[ 2017-04-24T10:51:02+08:00 ] /index/index | NOTIC: [8192] preg_replace(): The /e modifier is deprecated, use preg_replace_callback instead ThinkTemplate.class.php 第 406 行.
[ 2017-04-24T10:51:02+08:00 ] /index/index | NOTIC: [8192] preg_replace(): The /e modifier is deprecated, use preg_replace_callback instead ThinkTemplate.class.php 第 406 行.
[ 2017-04-24T10:51:02+08:00 ] /index/index | NOTIC: [8192] preg_replace(): The /e modifier is deprecated, use preg_replace_callback instead ThinkTemplate.class.php 第 406 行.
[ 2017-04-24T10:51:02+08:00 ] /index/index | NOTIC: [8192] preg_replace(): The /e modifier is deprecated, use preg_replace_callback instead ThinkTemplate.class.php 第 406 行.
[ 2017-04-24T10:51:02+08:00 ] /index/index | NOTIC: [8192] preg_replace(): The /e modifier is deprecated, use preg_replace_callback instead ThinkTemplate.class.php 第 406 行.
[ 2017-04-24T10:51:02+08:00 ] /index/index | NOTIC: [8192] preg_replace(): The /e modifier is deprecated, use preg_replace_callback instead ThinkTemplate.class.php 第 406 行.
[ 2017-04-24T10:51:02+08:00 ] /index/index | NOTIC: [8192] preg_replace(): The /e modifier is deprecated, use preg_replace_callback instead ThinkTemplate.class.php 第 406 行.
[ 2017-04-24T10:51:02+08:00 ] /index/index | NOTIC: [8192] preg_replace(): The /e modifier is deprecated, use preg_replace_callback instead ThinkTemplate.class.php 第 406 行.
[ 2017-04-24T10:51:02+08:00 ] /index/index | NOTIC: [8192] preg_replace(): The /e modifier is deprecated, use preg_replace_callback instead ThinkTemplate.class.php 第 406 行.
[ 2017-04-24T10:51:02+08:00 ] /index/index | NOTIC: [8192] preg_replace(): The /e modifier is deprecated, use preg_replace_callback instead ThinkTemplate.class.php 第 406 行.
[ 2017-04-24T10:51:02+08:00 ] /index/index | NOTIC: [8192] preg_replace(): The /e modifier is deprecated, use preg_replace_callback instead ThinkTemplate.class.php 第 406 行.
[ 2017-04-24T10:51:02+08:00 ] /index/index | NOTIC: [8192] preg_replace(): The /e modifier is deprecated, use preg_replace_callback instead ThinkTemplate.class.php 第 406 行.
[ 2017-04-24T10:51:02+08:00 ] /index/index | NOTIC: [8192] preg_replace(): The /e modifier is deprecated, use preg_replace_callback instead ThinkTemplate.class.php 第 406 行.
[ 2017-04-24T10:51:02+08:00 ] /index/index | NOTIC: [8192] preg_replace(): The /e modifier is deprecated, use preg_replace_callback instead ThinkTemplate.class.php 第 406 行.
[ 2017-04-24T10:51:02+08:00 ] /index/index | NOTIC: [8192] preg_replace(): The /e modifier is deprecated, use preg_replace_callback instead ThinkTemplate.class.php 第 406 行.
[ 2017-04-24T10:51:02+08:00 ] /index/index | NOTIC: [8192] preg_replace(): The /e modifier is deprecated, use preg_replace_callback instead ThinkTemplate.class.php 第 406 行.
[ 2017-04-24T10:51:02+08:00 ] /index/index | NOTIC: [8192] preg_replace(): The /e modifier is deprecated, use preg_replace_callback instead ThinkTemplate.class.php 第 406 行.
[ 2017-04-24T10:51:02+08:00 ] /index/index | NOTIC: [8192] preg_replace(): The /e modifier is deprecated, use preg_replace_callback instead ThinkTemplate.class.php 第 406 行.
[ 2017-04-24T10:51:02+08:00 ] /index/index | NOTIC: [8192] preg_replace(): The /e modifier is deprecated, use preg_replace_callback instead ThinkTemplate.class.php 第 406 行.
[ 2017-04-24T10:51:02+08:00 ] /index/index | NOTIC: [8192] preg_replace(): The /e modifier is deprecated, use preg_replace_callback instead ThinkTemplate.class.php 第 406 行.
[ 2017-04-24T10:51:02+08:00 ] /index/index | NOTIC: [8192] preg_replace(): The /e modifier is deprecated, use preg_replace_callback instead ThinkTemplate.class.php 第 406 行.
[ 2017-04-24T10:51:02+08:00 ] /index/index | NOTIC: [8192] preg_replace(): The /e modifier is deprecated, use preg_replace_callback instead ThinkTemplate.class.php 第 406 行.
[ 2017-04-24T10:51:02+08:00 ] /index/index | NOTIC: [8192] preg_replace(): The /e modifier is deprecated, use preg_replace_callback instead ThinkTemplate.class.php 第 406 行.
[ 2017-04-24T10:51:02+08:00 ] /index/index | NOTIC: [8192] preg_replace(): The /e modifier is deprecated, use preg_replace_callback instead ThinkTemplate.class.php 第 406 行.
[ 2017-04-24T10:51:02+08:00 ] /index/index | NOTIC: [8192] preg_replace(): The /e modifier is deprecated, use preg_replace_callback instead ThinkTemplate.class.php 第 406 行.
[ 2017-04-24T10:51:02+08:00 ] /index/index | NOTIC: [8192] preg_replace(): The /e modifier is deprecated, use preg_replace_callback instead ThinkTemplate.class.php 第 406 行.
[ 2017-04-24T10:51:02+08:00 ] /index/index | NOTIC: [8192] preg_replace(): The /e modifier is deprecated, use preg_replace_callback instead ThinkTemplate.class.php 第 406 行.
[ 2017-04-24T10:51:02+08:00 ] /index/index | NOTIC: [8192] preg_replace(): The /e modifier is deprecated, use preg_replace_callback instead ThinkTemplate.class.php 第 406 行.
[ 2017-04-24T10:51:02+08:00 ] /index/index | NOTIC: [8192] preg_replace(): The /e modifier is deprecated, use preg_replace_callback instead ThinkTemplate.class.php 第 406 行.
[ 2017-04-24T10:51:02+08:00 ] /index/index | NOTIC: [8192] preg_replace(): The /e modifier is deprecated, use preg_replace_callback instead ThinkTemplate.class.php 第 406 行.
[ 2017-04-24T10:51:02+08:00 ] /index/index | NOTIC: [8192] preg_replace(): The /e modifier is deprecated, use preg_replace_callback instead ThinkTemplate.class.php 第 406 行.
[ 2017-04-24T10:51:02+08:00 ] /index/index | NOTIC: [8192] preg_replace(): The /e modifier is deprecated, use preg_replace_callback instead ThinkTemplate.class.php 第 406 行.
[ 2017-04-24T10:51:02+08:00 ] /index/index | NOTIC: [8192] preg_replace(): The /e modifier is deprecated, use preg_replace_callback instead ThinkTemplate.class.php 第 406 行.
[ 2017-04-24T10:51:02+08:00 ] /index/index | NOTIC: [8192] preg_replace(): The /e modifier is deprecated, use preg_replace_callback instead ThinkTemplate.class.php 第 406 行.
[ 2017-04-24T10:51:02+08:00 ] /index/index | NOTIC: [8192] preg_replace(): The /e modifier is deprecated, use preg_replace_callback instead ThinkTemplate.class.php 第 406 行.
[ 2017-04-24T10:51:02+08:00 ] /index/index | NOTIC: [8192] preg_replace(): The /e modifier is deprecated, use preg_replace_callback instead ThinkTemplate.class.php 第 406 行.
[ 2017-04-24T10:51:02+08:00 ] /index/index | NOTIC: [8192] preg_replace(): The /e modifier is deprecated, use preg_replace_callback instead ThinkTemplate.class.php 第 406 行.
[ 2017-04-24T10:51:02+08:00 ] /index/index | NOTIC: [8192] preg_replace(): The /e modifier is deprecated, use preg_replace_callback instead ThinkTemplate.class.php 第 406 行.
[ 2017-04-24T10:51:02+08:00 ] /index/index | NOTIC: [8192] preg_replace(): The /e modifier is deprecated, use preg_replace_callback instead ThinkTemplate.class.php 第 406 行.
[ 2017-04-24T10:51:02+08:00 ] /index/index | NOTIC: [8192] preg_replace(): The /e modifier is deprecated, use preg_replace_callback instead ThinkTemplate.class.php 第 406 行.
[ 2017-04-24T10:51:02+08:00 ] /index/index | NOTIC: [8192] preg_replace(): The /e modifier is deprecated, use preg_replace_callback instead ThinkTemplate.class.php 第 406 行.
[ 2017-04-24T10:51:02+08:00 ] /index/index | NOTIC: [8192] preg_replace(): The /e modifier is deprecated, use preg_replace_callback instead ThinkTemplate.class.php 第 406 行.
[ 2017-04-24T10:51:02+08:00 ] /index/index | NOTIC: [8192] preg_replace(): The /e modifier is deprecated, use preg_replace_callback instead ThinkTemplate.class.php 第 406 行.
[ 2017-04-24T10:51:02+08:00 ] /index/index | NOTIC: [8192] preg_replace(): The /e modifier is deprecated, use preg_replace_callback instead ThinkTemplate.class.php 第 406 行.
[ 2017-04-24T10:51:02+08:00 ] /index/index | NOTIC: [8192] preg_replace(): The /e modifier is deprecated, use preg_replace_callback instead ThinkTemplate.class.php 第 406 行.
[ 2017-04-24T10:51:02+08:00 ] /index/index | NOTIC: [8192] preg_replace(): The /e modifier is deprecated, use preg_replace_callback instead ThinkTemplate.class.php 第 406 行.
[ 2017-04-24T10:51:02+08:00 ] /index/index | NOTIC: [8192] preg_replace(): The /e modifier is deprecated, use preg_replace_callback instead ThinkTemplate.class.php 第 406 行.
[ 2017-04-24T10:51:02+08:00 ] /index/index | NOTIC: [8192] preg_replace(): The /e modifier is deprecated, use preg_replace_callback instead ThinkTemplate.class.php 第 406 行.
[ 2017-04-24T10:51:02+08:00 ] /index/index | NOTIC: [8192] preg_replace(): The /e modifier is deprecated, use preg_replace_callback instead ThinkTemplate.class.php 第 406 行.
[ 2017-04-24T10:51:02+08:00 ] /index/index | NOTIC: [8192] preg_replace(): The /e modifier is deprecated, use preg_replace_callback instead ThinkTemplate.class.php 第 406 行.
[ 2017-04-24T10:51:02+08:00 ] /index/index | NOTIC: [8192] preg_replace(): The /e modifier is deprecated, use preg_replace_callback instead ThinkTemplate.class.php 第 406 行.
[ 2017-04-24T10:51:02+08:00 ] /index/index | NOTIC: [8192] preg_replace(): The /e modifier is deprecated, use preg_replace_callback instead ThinkTemplate.class.php 第 406 行.
[ 2017-04-24T10:51:02+08:00 ] /index/index | NOTIC: [8192] preg_replace(): The /e modifier is deprecated, use preg_replace_callback instead ThinkTemplate.class.php 第 406 行.
[ 2017-04-24T10:51:02+08:00 ] /index/index | NOTIC: [8192] preg_replace(): The /e modifier is deprecated, use preg_replace_callback instead ThinkTemplate.class.php 第 402 行.
[ 2017-04-24T10:51:02+08:00 ] /index/index | NOTIC: [8192] preg_replace(): The /e modifier is deprecated, use preg_replace_callback instead ThinkTemplate.class.php 第 402 行.
[ 2017-04-24T10:51:02+08:00 ] /index/index | NOTIC: [8192] preg_replace(): The /e modifier is deprecated, use preg_replace_callback instead ThinkTemplate.class.php 第 402 行.
[ 2017-04-24T10:51:02+08:00 ] /index/index | NOTIC: [8192] preg_replace(): The /e modifier is deprecated, use preg_replace_callback instead ThinkTemplate.class.php 第 402 行.
[ 2017-04-24T10:51:02+08:00 ] /index/index | NOTIC: [8192] preg_replace(): The /e modifier is deprecated, use preg_replace_callback instead ThinkTemplate.class.php 第 402 行.
[ 2017-04-24T10:51:02+08:00 ] /index/index | NOTIC: [8192] preg_replace(): The /e modifier is deprecated, use preg_replace_callback instead ThinkTemplate.class.php 第 402 行.
[ 2017-04-24T10:51:02+08:00 ] /index/index | NOTIC: [8192] preg_replace(): The /e modifier is deprecated, use preg_replace_callback instead ThinkTemplate.class.php 第 406 行.
[ 2017-04-24T10:51:02+08:00 ] /index/index | NOTIC: [8192] preg_replace(): The /e modifier is deprecated, use preg_replace_callback instead ThinkTemplate.class.php 第 406 行.
[ 2017-04-24T10:51:02+08:00 ] /index/index | NOTIC: [8192] preg_replace(): The /e modifier is deprecated, use preg_replace_callback instead ThinkTemplate.class.php 第 406 行.
[ 2017-04-24T10:51:02+08:00 ] /index/index | NOTIC: [8192] preg_replace(): The /e modifier is deprecated, use preg_replace_callback instead ThinkTemplate.class.php 第 220 行.
[ 2017-04-24T10:51:02+08:00 ] /index/index | NOTIC: [8192] preg_replace(): The /e modifier is deprecated, use preg_replace_callback instead ThinkTemplate.class.php 第 154 行.
[ 2017-04-24T10:51:02+08:00 ] /index/index | NOTIC: [8] Undefined variable: pageseo d364933e734d2e597e5802786cc3285e.php 第 8 行.
[ 2017-04-24T10:51:02+08:00 ] /index/index | NOTIC: [8] Undefined variable: pageseo d364933e734d2e597e5802786cc3285e.php 第 9 行.
[ 2017-04-24T10:51:02+08:00 ] /index/index | NOTIC: [8] Undefined variable: pageseo d364933e734d2e597e5802786cc3285e.php 第 10 行.
[ 2017-04-24T10:51:02+08:00 ] /index/index | INFO: Run ParseTemplate Behavior [ RunTime:0.227512s ]
[ 2017-04-24T10:51:02+08:00 ] /index/index | INFO: Tag[ view_parse ] --END-- [ RunTime:0.227539s ]
[ 2017-04-24T10:51:02+08:00 ] /index/index | INFO: Tag[ view_filter ] --START--
[ 2017-04-24T10:51:02+08:00 ] /index/index | INFO: Run ContentReplace Behavior [ RunTime:0.007439s ]
[ 2017-04-24T10:51:02+08:00 ] /index/index | INFO: Run TokenBuild Behavior [ RunTime:0.007789s ]
[ 2017-04-24T10:51:02+08:00 ] /index/index | INFO: Run WriteHtmlCache Behavior [ RunTime:0.007564s ]
[ 2017-04-24T10:51:02+08:00 ] /index/index | INFO: Run ShowRuntime Behavior [ RunTime:0.001039s ]
[ 2017-04-24T10:51:02+08:00 ] /index/index | INFO: Tag[ view_filter ] --END-- [ RunTime:0.023955s ]
[ 2017-04-24T10:51:02+08:00 ] /index/index | INFO: Tag[ view_end ] --START--
[ 2017-04-24T10:51:02+08:00 ] /index/index | INFO: Run ShowPageTrace Behavior [ RunTime:0.011477s ]
[ 2017-04-24T10:51:02+08:00 ] /index/index | INFO: Tag[ view_end ] --END-- [ RunTime:0.011518s ]

[ 2017-04-24T10:51:04+08:00 ]  127.0.0.1 /activity?PHPSESSID=fr64lup2oq3650u1tc25tu4fe0 | ERR: (ThinkException) 无法加载模块Activity
[ 2017-04-24T10:51:04+08:00 ]  127.0.0.1 /favicon.ico | ERR: (ThinkException) 无法加载模块Favicon.ico
[ 2017-04-24T10:51:14+08:00 ] 127.0.0.1 /member/account
[ 2017-04-24T10:51:14+08:00 ] /member/account | INFO: Tag[ route_check ] --START--
[ 2017-04-24T10:51:14+08:00 ] /member/account | INFO: Run CheckRoute Behavior [ RunTime:0.000434s ]
[ 2017-04-24T10:51:14+08:00 ] /member/account | INFO: Tag[ route_check ] --END-- [ RunTime:0.000487s ]
[ 2017-04-24T10:51:14+08:00 ] /member/account | NOTIC: [8192] preg_replace(): The /e modifier is deprecated, use preg_replace_callback instead Dispatcher.class.php 第 125 行.
[ 2017-04-24T10:51:14+08:00 ] /member/account | NOTIC: [8192] preg_replace(): The /e modifier is deprecated, use preg_replace_callback instead common.php 第 66 行.
[ 2017-04-24T10:51:14+08:00 ] /member/account | INFO: Tag[ app_begin ] --START--
[ 2017-04-24T10:51:14+08:00 ] /member/account | INFO: Run ReadHtmlCache Behavior [ RunTime:0.000351s ]
[ 2017-04-24T10:51:14+08:00 ] /member/account | INFO: Tag[ app_begin ] --END-- [ RunTime:0.000374s ]
[ 2017-04-24T10:51:14+08:00 ] /member/account | INFO: Tag[ view_template ] --START--
[ 2017-04-24T10:51:14+08:00 ] /member/account | INFO: Run LocationTemplate Behavior [ RunTime:0.000865s ]
[ 2017-04-24T10:51:14+08:00 ] /member/account | INFO: Tag[ view_template ] --END-- [ RunTime:0.000905s ]
[ 2017-04-24T10:51:14+08:00 ] /member/account | INFO: Tag[ view_parse ] --START--
[ 2017-04-24T10:51:14+08:00 ] /member/account | NOTIC: [8192] preg_replace(): The /e modifier is deprecated, use preg_replace_callback instead ThinkTemplate.class.php 第 186 行.
[ 2017-04-24T10:51:14+08:00 ] /member/account | NOTIC: [8192] preg_replace(): The /e modifier is deprecated, use preg_replace_callback instead ThinkTemplate.class.php 第 406 行.
[ 2017-04-24T10:51:14+08:00 ] /member/account | NOTIC: [8192] preg_replace(): The /e modifier is deprecated, use preg_replace_callback instead ThinkTemplate.class.php 第 406 行.
[ 2017-04-24T10:51:14+08:00 ] /member/account | NOTIC: [8192] preg_replace(): The /e modifier is deprecated, use preg_replace_callback instead ThinkTemplate.class.php 第 406 行.
[ 2017-04-24T10:51:14+08:00 ] /member/account | NOTIC: [8192] preg_replace(): The /e modifier is deprecated, use preg_replace_callback instead ThinkTemplate.class.php 第 406 行.
[ 2017-04-24T10:51:14+08:00 ] /member/account | NOTIC: [8192] preg_replace(): The /e modifier is deprecated, use preg_replace_callback instead ThinkTemplate.class.php 第 406 行.
[ 2017-04-24T10:51:14+08:00 ] /member/account | NOTIC: [8192] preg_replace(): The /e modifier is deprecated, use preg_replace_callback instead ThinkTemplate.class.php 第 186 行.
[ 2017-04-24T10:51:14+08:00 ] /member/account | NOTIC: [8192] preg_replace(): The /e modifier is deprecated, use preg_replace_callback instead ThinkTemplate.class.php 第 406 行.
[ 2017-04-24T10:51:14+08:00 ] /member/account | NOTIC: [8192] preg_replace(): The /e modifier is deprecated, use preg_replace_callback instead ThinkTemplate.class.php 第 406 行.
[ 2017-04-24T10:51:14+08:00 ] /member/account | NOTIC: [8192] preg_replace(): The /e modifier is deprecated, use preg_replace_callback instead ThinkTemplate.class.php 第 406 行.
[ 2017-04-24T10:51:14+08:00 ] /member/account | NOTIC: [8192] preg_replace(): The /e modifier is deprecated, use preg_replace_callback instead ThinkTemplate.class.php 第 406 行.
[ 2017-04-24T10:51:14+08:00 ] /member/account | NOTIC: [8192] preg_replace(): The /e modifier is deprecated, use preg_replace_callback instead ThinkTemplate.class.php 第 406 行.
[ 2017-04-24T10:51:14+08:00 ] /member/account | NOTIC: [8192] preg_replace(): The /e modifier is deprecated, use preg_replace_callback instead ThinkTemplate.class.php 第 406 行.
[ 2017-04-24T10:51:14+08:00 ] /member/account | NOTIC: [8192] preg_replace(): The /e modifier is deprecated, use preg_replace_callback instead ThinkTemplate.class.php 第 406 行.
[ 2017-04-24T10:51:14+08:00 ] /member/account | NOTIC: [8192] preg_replace(): The /e modifier is deprecated, use preg_replace_callback instead ThinkTemplate.class.php 第 406 行.
[ 2017-04-24T10:51:14+08:00 ] /member/account | NOTIC: [8192] preg_replace(): The /e modifier is deprecated, use preg_replace_callback instead ThinkTemplate.class.php 第 406 行.
[ 2017-04-24T10:51:14+08:00 ] /member/account | NOTIC: [8192] preg_replace(): The /e modifier is deprecated, use preg_replace_callback instead ThinkTemplate.class.php 第 402 行.
[ 2017-04-24T10:51:14+08:00 ] /member/account | NOTIC: [8192] preg_replace(): The /e modifier is deprecated, use preg_replace_callback instead ThinkTemplate.class.php 第 402 行.
[ 2017-04-24T10:51:14+08:00 ] /member/account | NOTIC: [8192] preg_replace(): The /e modifier is deprecated, use preg_replace_callback instead ThinkTemplate.class.php 第 406 行.
[ 2017-04-24T10:51:14+08:00 ] /member/account | NOTIC: [8192] preg_replace(): The /e modifier is deprecated, use preg_replace_callback instead ThinkTemplate.class.php 第 406 行.
[ 2017-04-24T10:51:14+08:00 ] /member/account | NOTIC: [8192] preg_replace(): The /e modifier is deprecated, use preg_replace_callback instead ThinkTemplate.class.php 第 406 行.
[ 2017-04-24T10:51:14+08:00 ] /member/account | NOTIC: [8192] preg_replace(): The /e modifier is deprecated, use preg_replace_callback instead ThinkTemplate.class.php 第 402 行.
[ 2017-04-24T10:51:14+08:00 ] /member/account | NOTIC: [8192] preg_replace(): The /e modifier is deprecated, use preg_replace_callback instead ThinkTemplate.class.php 第 406 行.
[ 2017-04-24T10:51:14+08:00 ] /member/account | NOTIC: [8192] preg_replace(): The /e modifier is deprecated, use preg_replace_callback instead ThinkTemplate.class.php 第 406 行.
[ 2017-04-24T10:51:14+08:00 ] /member/account | NOTIC: [8192] preg_replace(): The /e modifier is deprecated, use preg_replace_callback instead ThinkTemplate.class.php 第 406 行.
[ 2017-04-24T10:51:14+08:00 ] /member/account | NOTIC: [8192] preg_replace(): The /e modifier is deprecated, use preg_replace_callback instead ThinkTemplate.class.php 第 406 行.
[ 2017-04-24T10:51:14+08:00 ] /member/account | NOTIC: [8192] preg_replace(): The /e modifier is deprecated, use preg_replace_callback instead ThinkTemplate.class.php 第 406 行.
[ 2017-04-24T10:51:14+08:00 ] /member/account | NOTIC: [8192] preg_replace(): The /e modifier is deprecated, use preg_replace_callback instead ThinkTemplate.class.php 第 406 行.
[ 2017-04-24T10:51:14+08:00 ] /member/account | NOTIC: [8192] preg_replace(): The /e modifier is deprecated, use preg_replace_callback instead ThinkTemplate.class.php 第 406 行.
[ 2017-04-24T10:51:14+08:00 ] /member/account | NOTIC: [8192] preg_replace(): The /e modifier is deprecated, use preg_replace_callback instead ThinkTemplate.class.php 第 406 行.
[ 2017-04-24T10:51:14+08:00 ] /member/account | NOTIC: [8192] preg_replace(): The /e modifier is deprecated, use preg_replace_callback instead ThinkTemplate.class.php 第 406 行.
[ 2017-04-24T10:51:14+08:00 ] /member/account | NOTIC: [8192] preg_replace(): The /e modifier is deprecated, use preg_replace_callback instead ThinkTemplate.class.php 第 406 行.
[ 2017-04-24T10:51:14+08:00 ] /member/account | NOTIC: [8192] preg_replace(): The /e modifier is deprecated, use preg_replace_callback instead ThinkTemplate.class.php 第 406 行.
[ 2017-04-24T10:51:14+08:00 ] /member/account | NOTIC: [8192] preg_replace(): The /e modifier is deprecated, use preg_replace_callback instead ThinkTemplate.class.php 第 406 行.
[ 2017-04-24T10:51:14+08:00 ] /member/account | NOTIC: [8192] preg_replace(): The /e modifier is deprecated, use preg_replace_callback instead ThinkTemplate.class.php 第 406 行.
[ 2017-04-24T10:51:14+08:00 ] /member/account | NOTIC: [8192] preg_replace(): The /e modifier is deprecated, use preg_replace_callback instead ThinkTemplate.class.php 第 406 行.
[ 2017-04-24T10:51:14+08:00 ] /member/account | NOTIC: [8192] preg_replace(): The /e modifier is deprecated, use preg_replace_callback instead ThinkTemplate.class.php 第 406 行.
[ 2017-04-24T10:51:14+08:00 ] /member/account | NOTIC: [8192] preg_replace(): The /e modifier is deprecated, use preg_replace_callback instead ThinkTemplate.class.php 第 406 行.
[ 2017-04-24T10:51:14+08:00 ] /member/account | NOTIC: [8192] preg_replace(): The /e modifier is deprecated, use preg_replace_callback instead ThinkTemplate.class.php 第 406 行.
[ 2017-04-24T10:51:14+08:00 ] /member/account | NOTIC: [8192] preg_replace(): The /e modifier is deprecated, use preg_replace_callback instead ThinkTemplate.class.php 第 406 行.
[ 2017-04-24T10:51:14+08:00 ] /member/account | NOTIC: [8192] preg_replace(): The /e modifier is deprecated, use preg_replace_callback instead ThinkTemplate.class.php 第 406 行.
[ 2017-04-24T10:51:14+08:00 ] /member/account | NOTIC: [8192] preg_replace(): The /e modifier is deprecated, use preg_replace_callback instead ThinkTemplate.class.php 第 406 行.
[ 2017-04-24T10:51:14+08:00 ] /member/account | NOTIC: [8192] preg_replace(): The /e modifier is deprecated, use preg_replace_callback instead ThinkTemplate.class.php 第 406 行.
[ 2017-04-24T10:51:14+08:00 ] /member/account | NOTIC: [8192] preg_replace(): The /e modifier is deprecated, use preg_replace_callback instead ThinkTemplate.class.php 第 406 行.
[ 2017-04-24T10:51:14+08:00 ] /member/account | NOTIC: [8192] preg_replace(): The /e modifier is deprecated, use preg_replace_callback instead ThinkTemplate.class.php 第 406 行.
[ 2017-04-24T10:51:14+08:00 ] /member/account | NOTIC: [8192] preg_replace(): The /e modifier is deprecated, use preg_replace_callback instead ThinkTemplate.class.php 第 406 行.
[ 2017-04-24T10:51:14+08:00 ] /member/account | NOTIC: [8192] preg_replace(): The /e modifier is deprecated, use preg_replace_callback instead ThinkTemplate.class.php 第 406 行.
[ 2017-04-24T10:51:14+08:00 ] /member/account | NOTIC: [8192] preg_replace(): The /e modifier is deprecated, use preg_replace_callback instead ThinkTemplate.class.php 第 406 行.
[ 2017-04-24T10:51:14+08:00 ] /member/account | NOTIC: [8192] preg_replace(): The /e modifier is deprecated, use preg_replace_callback instead ThinkTemplate.class.php 第 406 行.
[ 2017-04-24T10:51:14+08:00 ] /member/account | NOTIC: [8192] preg_replace(): The /e modifier is deprecated, use preg_replace_callback instead ThinkTemplate.class.php 第 406 行.
[ 2017-04-24T10:51:14+08:00 ] /member/account | NOTIC: [8192] preg_replace(): The /e modifier is deprecated, use preg_replace_callback instead ThinkTemplate.class.php 第 406 行.
[ 2017-04-24T10:51:14+08:00 ] /member/account | NOTIC: [8192] preg_replace(): The /e modifier is deprecated, use preg_replace_callback instead ThinkTemplate.class.php 第 406 行.
[ 2017-04-24T10:51:14+08:00 ] /member/account | NOTIC: [8192] preg_replace(): The /e modifier is deprecated, use preg_replace_callback instead ThinkTemplate.class.php 第 406 行.
[ 2017-04-24T10:51:14+08:00 ] /member/account | NOTIC: [8192] preg_replace(): The /e modifier is deprecated, use preg_replace_callback instead ThinkTemplate.class.php 第 406 行.
[ 2017-04-24T10:51:14+08:00 ] /member/account | NOTIC: [8192] preg_replace(): The /e modifier is deprecated, use preg_replace_callback instead ThinkTemplate.class.php 第 406 行.
[ 2017-04-24T10:51:14+08:00 ] /member/account | NOTIC: [8192] preg_replace(): The /e modifier is deprecated, use preg_replace_callback instead ThinkTemplate.class.php 第 406 行.
[ 2017-04-24T10:51:14+08:00 ] /member/account | NOTIC: [8192] preg_replace(): The /e modifier is deprecated, use preg_replace_callback instead ThinkTemplate.class.php 第 406 行.
[ 2017-04-24T10:51:14+08:00 ] /member/account | NOTIC: [8192] preg_replace(): The /e modifier is deprecated, use preg_replace_callback instead ThinkTemplate.class.php 第 406 行.
[ 2017-04-24T10:51:14+08:00 ] /member/account | NOTIC: [8192] preg_replace(): The /e modifier is deprecated, use preg_replace_callback instead ThinkTemplate.class.php 第 406 行.
[ 2017-04-24T10:51:14+08:00 ] /member/account | NOTIC: [8192] preg_replace(): The /e modifier is deprecated, use preg_replace_callback instead ThinkTemplate.class.php 第 406 行.
[ 2017-04-24T10:51:14+08:00 ] /member/account | NOTIC: [8192] preg_replace(): The /e modifier is deprecated, use preg_replace_callback instead ThinkTemplate.class.php 第 406 行.
[ 2017-04-24T10:51:14+08:00 ] /member/account | NOTIC: [8192] preg_replace(): The /e modifier is deprecated, use preg_replace_callback instead ThinkTemplate.class.php 第 406 行.
[ 2017-04-24T10:51:14+08:00 ] /member/account | NOTIC: [8192] preg_replace(): The /e modifier is deprecated, use preg_replace_callback instead ThinkTemplate.class.php 第 406 行.
[ 2017-04-24T10:51:14+08:00 ] /member/account | NOTIC: [8192] preg_replace(): The /e modifier is deprecated, use preg_replace_callback instead ThinkTemplate.class.php 第 406 行.
[ 2017-04-24T10:51:14+08:00 ] /member/account | NOTIC: [8192] preg_replace(): The /e modifier is deprecated, use preg_replace_callback instead ThinkTemplate.class.php 第 406 行.
[ 2017-04-24T10:51:14+08:00 ] /member/account | NOTIC: [8192] preg_replace(): The /e modifier is deprecated, use preg_replace_callback instead ThinkTemplate.class.php 第 406 行.
[ 2017-04-24T10:51:14+08:00 ] /member/account | NOTIC: [8192] preg_replace(): The /e modifier is deprecated, use preg_replace_callback instead ThinkTemplate.class.php 第 406 行.
[ 2017-04-24T10:51:14+08:00 ] /member/account | NOTIC: [8192] preg_replace(): The /e modifier is deprecated, use preg_replace_callback instead ThinkTemplate.class.php 第 406 行.
[ 2017-04-24T10:51:14+08:00 ] /member/account | NOTIC: [8192] preg_replace(): The /e modifier is deprecated, use preg_replace_callback instead ThinkTemplate.class.php 第 406 行.
[ 2017-04-24T10:51:14+08:00 ] /member/account | NOTIC: [8192] preg_replace(): The /e modifier is deprecated, use preg_replace_callback instead ThinkTemplate.class.php 第 406 行.
[ 2017-04-24T10:51:14+08:00 ] /member/account | NOTIC: [8192] preg_replace(): The /e modifier is deprecated, use preg_replace_callback instead ThinkTemplate.class.php 第 406 行.
[ 2017-04-24T10:51:14+08:00 ] /member/account | NOTIC: [8192] preg_replace(): The /e modifier is deprecated, use preg_replace_callback instead ThinkTemplate.class.php 第 406 行.
[ 2017-04-24T10:51:14+08:00 ] /member/account | NOTIC: [8192] preg_replace(): The /e modifier is deprecated, use preg_replace_callback instead ThinkTemplate.class.php 第 406 行.
[ 2017-04-24T10:51:14+08:00 ] /member/account | NOTIC: [8192] preg_replace(): The /e modifier is deprecated, use preg_replace_callback instead ThinkTemplate.class.php 第 406 行.
[ 2017-04-24T10:51:14+08:00 ] /member/account | NOTIC: [8192] preg_replace(): The /e modifier is deprecated, use preg_replace_callback instead ThinkTemplate.class.php 第 406 行.
[ 2017-04-24T10:51:14+08:00 ] /member/account | NOTIC: [8192] preg_replace(): The /e modifier is deprecated, use preg_replace_callback instead ThinkTemplate.class.php 第 406 行.
[ 2017-04-24T10:51:14+08:00 ] /member/account | NOTIC: [8192] preg_replace(): The /e modifier is deprecated, use preg_replace_callback instead ThinkTemplate.class.php 第 406 行.
[ 2017-04-24T10:51:14+08:00 ] /member/account | NOTIC: [8192] preg_replace(): The /e modifier is deprecated, use preg_replace_callback instead ThinkTemplate.class.php 第 406 行.
[ 2017-04-24T10:51:14+08:00 ] /member/account | NOTIC: [8192] preg_replace(): The /e modifier is deprecated, use preg_replace_callback instead ThinkTemplate.class.php 第 406 行.
[ 2017-04-24T10:51:14+08:00 ] /member/account | NOTIC: [8192] preg_replace(): The /e modifier is deprecated, use preg_replace_callback instead ThinkTemplate.class.php 第 406 行.
[ 2017-04-24T10:51:14+08:00 ] /member/account | NOTIC: [8192] preg_replace(): The /e modifier is deprecated, use preg_replace_callback instead ThinkTemplate.class.php 第 406 行.
[ 2017-04-24T10:51:14+08:00 ] /member/account | NOTIC: [8192] preg_replace(): The /e modifier is deprecated, use preg_replace_callback instead ThinkTemplate.class.php 第 406 行.
[ 2017-04-24T10:51:14+08:00 ] /member/account | NOTIC: [8192] preg_replace(): The /e modifier is deprecated, use preg_replace_callback instead ThinkTemplate.class.php 第 406 行.
[ 2017-04-24T10:51:14+08:00 ] /member/account | NOTIC: [8192] preg_replace(): The /e modifier is deprecated, use preg_replace_callback instead ThinkTemplate.class.php 第 406 行.
[ 2017-04-24T10:51:14+08:00 ] /member/account | NOTIC: [8192] preg_replace(): The /e modifier is deprecated, use preg_replace_callback instead ThinkTemplate.class.php 第 406 行.
[ 2017-04-24T10:51:14+08:00 ] /member/account | NOTIC: [8192] preg_replace(): The /e modifier is deprecated, use preg_replace_callback instead ThinkTemplate.class.php 第 406 行.
[ 2017-04-24T10:51:14+08:00 ] /member/account | NOTIC: [8192] preg_replace(): The /e modifier is deprecated, use preg_replace_callback instead ThinkTemplate.class.php 第 406 行.
[ 2017-04-24T10:51:14+08:00 ] /member/account | NOTIC: [8192] preg_replace(): The /e modifier is deprecated, use preg_replace_callback instead ThinkTemplate.class.php 第 406 行.
[ 2017-04-24T10:51:14+08:00 ] /member/account | NOTIC: [8192] preg_replace(): The /e modifier is deprecated, use preg_replace_callback instead ThinkTemplate.class.php 第 402 行.
[ 2017-04-24T10:51:14+08:00 ] /member/account | NOTIC: [8192] preg_replace(): The /e modifier is deprecated, use preg_replace_callback instead ThinkTemplate.class.php 第 402 行.
[ 2017-04-24T10:51:14+08:00 ] /member/account | NOTIC: [8192] preg_replace(): The /e modifier is deprecated, use preg_replace_callback instead ThinkTemplate.class.php 第 402 行.
[ 2017-04-24T10:51:14+08:00 ] /member/account | NOTIC: [8192] preg_replace(): The /e modifier is deprecated, use preg_replace_callback instead ThinkTemplate.class.php 第 402 行.
[ 2017-04-24T10:51:14+08:00 ] /member/account | NOTIC: [8192] preg_replace(): The /e modifier is deprecated, use preg_replace_callback instead ThinkTemplate.class.php 第 402 行.
[ 2017-04-24T10:51:14+08:00 ] /member/account | NOTIC: [8192] preg_replace(): The /e modifier is deprecated, use preg_replace_callback instead ThinkTemplate.class.php 第 402 行.
[ 2017-04-24T10:51:14+08:00 ] /member/account | NOTIC: [8192] preg_replace(): The /e modifier is deprecated, use preg_replace_callback instead ThinkTemplate.class.php 第 406 行.
[ 2017-04-24T10:51:14+08:00 ] /member/account | NOTIC: [8192] preg_replace(): The /e modifier is deprecated, use preg_replace_callback instead ThinkTemplate.class.php 第 406 行.
[ 2017-04-24T10:51:14+08:00 ] /member/account | NOTIC: [8192] preg_replace(): The /e modifier is deprecated, use preg_replace_callback instead ThinkTemplate.class.php 第 406 行.
[ 2017-04-24T10:51:14+08:00 ] /member/account | NOTIC: [8192] preg_replace(): The /e modifier is deprecated, use preg_replace_callback instead ThinkTemplate.class.php 第 220 行.
[ 2017-04-24T10:51:14+08:00 ] /member/account | NOTIC: [8192] preg_replace(): The /e modifier is deprecated, use preg_replace_callback instead ThinkTemplate.class.php 第 186 行.
[ 2017-04-24T10:51:14+08:00 ] /member/account | NOTIC: [8192] preg_replace(): The /e modifier is deprecated, use preg_replace_callback instead ThinkTemplate.class.php 第 406 行.
[ 2017-04-24T10:51:14+08:00 ] /member/account | NOTIC: [8192] preg_replace(): The /e modifier is deprecated, use preg_replace_callback instead ThinkTemplate.class.php 第 406 行.
[ 2017-04-24T10:51:14+08:00 ] /member/account | NOTIC: [8192] preg_replace(): The /e modifier is deprecated, use preg_replace_callback instead ThinkTemplate.class.php 第 406 行.
[ 2017-04-24T10:51:14+08:00 ] /member/account | NOTIC: [8192] preg_replace(): The /e modifier is deprecated, use preg_replace_callback instead ThinkTemplate.class.php 第 406 行.
[ 2017-04-24T10:51:14+08:00 ] /member/account | NOTIC: [8192] preg_replace(): The /e modifier is deprecated, use preg_replace_callback instead ThinkTemplate.class.php 第 406 行.
[ 2017-04-24T10:51:14+08:00 ] /member/account | NOTIC: [8192] preg_replace(): The /e modifier is deprecated, use preg_replace_callback instead ThinkTemplate.class.php 第 406 行.
[ 2017-04-24T10:51:14+08:00 ] /member/account | NOTIC: [8192] preg_replace(): The /e modifier is deprecated, use preg_replace_callback instead ThinkTemplate.class.php 第 406 行.
[ 2017-04-24T10:51:14+08:00 ] /member/account | NOTIC: [8192] preg_replace(): The /e modifier is deprecated, use preg_replace_callback instead ThinkTemplate.class.php 第 406 行.
[ 2017-04-24T10:51:14+08:00 ] /member/account | NOTIC: [8192] preg_replace(): The /e modifier is deprecated, use preg_replace_callback instead ThinkTemplate.class.php 第 406 行.
[ 2017-04-24T10:51:14+08:00 ] /member/account | NOTIC: [8192] preg_replace(): The /e modifier is deprecated, use preg_replace_callback instead ThinkTemplate.class.php 第 402 行.
[ 2017-04-24T10:51:14+08:00 ] /member/account | NOTIC: [8192] preg_replace(): The /e modifier is deprecated, use preg_replace_callback instead ThinkTemplate.class.php 第 402 行.
[ 2017-04-24T10:51:14+08:00 ] /member/account | NOTIC: [8192] preg_replace(): The /e modifier is deprecated, use preg_replace_callback instead ThinkTemplate.class.php 第 406 行.
[ 2017-04-24T10:51:14+08:00 ] /member/account | NOTIC: [8192] preg_replace(): The /e modifier is deprecated, use preg_replace_callback instead ThinkTemplate.class.php 第 406 行.
[ 2017-04-24T10:51:14+08:00 ] /member/account | NOTIC: [8192] preg_replace(): The /e modifier is deprecated, use preg_replace_callback instead ThinkTemplate.class.php 第 406 行.
[ 2017-04-24T10:51:14+08:00 ] /member/account | NOTIC: [8192] preg_replace(): The /e modifier is deprecated, use preg_replace_callback instead ThinkTemplate.class.php 第 402 行.
[ 2017-04-24T10:51:14+08:00 ] /member/account | NOTIC: [8192] preg_replace(): The /e modifier is deprecated, use preg_replace_callback instead ThinkTemplate.class.php 第 406 行.
[ 2017-04-24T10:51:14+08:00 ] /member/account | NOTIC: [8192] preg_replace(): The /e modifier is deprecated, use preg_replace_callback instead ThinkTemplate.class.php 第 406 行.
[ 2017-04-24T10:51:14+08:00 ] /member/account | NOTIC: [8192] preg_replace(): The /e modifier is deprecated, use preg_replace_callback instead ThinkTemplate.class.php 第 406 行.
[ 2017-04-24T10:51:14+08:00 ] /member/account | NOTIC: [8192] preg_replace(): The /e modifier is deprecated, use preg_replace_callback instead ThinkTemplate.class.php 第 406 行.
[ 2017-04-24T10:51:14+08:00 ] /member/account | NOTIC: [8192] preg_replace(): The /e modifier is deprecated, use preg_replace_callback instead ThinkTemplate.class.php 第 406 行.
[ 2017-04-24T10:51:14+08:00 ] /member/account | NOTIC: [8192] preg_replace(): The /e modifier is deprecated, use preg_replace_callback instead ThinkTemplate.class.php 第 406 行.
[ 2017-04-24T10:51:14+08:00 ] /member/account | NOTIC: [8192] preg_replace(): The /e modifier is deprecated, use preg_replace_callback instead ThinkTemplate.class.php 第 406 行.
[ 2017-04-24T10:51:14+08:00 ] /member/account | NOTIC: [8192] preg_replace(): The /e modifier is deprecated, use preg_replace_callback instead ThinkTemplate.class.php 第 406 行.
[ 2017-04-24T10:51:14+08:00 ] /member/account | NOTIC: [8192] preg_replace(): The /e modifier is deprecated, use preg_replace_callback instead ThinkTemplate.class.php 第 406 行.
[ 2017-04-24T10:51:14+08:00 ] /member/account | NOTIC: [8192] preg_replace(): The /e modifier is deprecated, use preg_replace_callback instead ThinkTemplate.class.php 第 406 行.
[ 2017-04-24T10:51:14+08:00 ] /member/account | NOTIC: [8192] preg_replace(): The /e modifier is deprecated, use preg_replace_callback instead ThinkTemplate.class.php 第 406 行.
[ 2017-04-24T10:51:14+08:00 ] /member/account | NOTIC: [8192] preg_replace(): The /e modifier is deprecated, use preg_replace_callback instead ThinkTemplate.class.php 第 406 行.
[ 2017-04-24T10:51:14+08:00 ] /member/account | NOTIC: [8192] preg_replace(): The /e modifier is deprecated, use preg_replace_callback instead ThinkTemplate.class.php 第 406 行.
[ 2017-04-24T10:51:14+08:00 ] /member/account | NOTIC: [8192] preg_replace(): The /e modifier is deprecated, use preg_replace_callback instead ThinkTemplate.class.php 第 406 行.
[ 2017-04-24T10:51:14+08:00 ] /member/account | NOTIC: [8192] preg_replace(): The /e modifier is deprecated, use preg_replace_callback instead ThinkTemplate.class.php 第 406 行.
[ 2017-04-24T10:51:14+08:00 ] /member/account | NOTIC: [8192] preg_replace(): The /e modifier is deprecated, use preg_replace_callback instead ThinkTemplate.class.php 第 406 行.
[ 2017-04-24T10:51:14+08:00 ] /member/account | NOTIC: [8192] preg_replace(): The /e modifier is deprecated, use preg_replace_callback instead ThinkTemplate.class.php 第 406 行.
[ 2017-04-24T10:51:14+08:00 ] /member/account | NOTIC: [8192] preg_replace(): The /e modifier is deprecated, use preg_replace_callback instead ThinkTemplate.class.php 第 406 行.
[ 2017-04-24T10:51:14+08:00 ] /member/account | NOTIC: [8192] preg_replace(): The /e modifier is deprecated, use preg_replace_callback instead ThinkTemplate.class.php 第 406 行.
[ 2017-04-24T10:51:14+08:00 ] /member/account | NOTIC: [8192] preg_replace(): The /e modifier is deprecated, use preg_replace_callback instead ThinkTemplate.class.php 第 406 行.
[ 2017-04-24T10:51:14+08:00 ] /member/account | NOTIC: [8192] preg_replace(): The /e modifier is deprecated, use preg_replace_callback instead ThinkTemplate.class.php 第 406 行.
[ 2017-04-24T10:51:14+08:00 ] /member/account | NOTIC: [8192] preg_replace(): The /e modifier is deprecated, use preg_replace_callback instead ThinkTemplate.class.php 第 406 行.
[ 2017-04-24T10:51:14+08:00 ] /member/account | NOTIC: [8192] preg_replace(): The /e modifier is deprecated, use preg_replace_callback instead ThinkTemplate.class.php 第 406 行.
[ 2017-04-24T10:51:14+08:00 ] /member/account | NOTIC: [8192] preg_replace(): The /e modifier is deprecated, use preg_replace_callback instead ThinkTemplate.class.php 第 406 行.
[ 2017-04-24T10:51:14+08:00 ] /member/account | NOTIC: [8192] preg_replace(): The /e modifier is deprecated, use preg_replace_callback instead ThinkTemplate.class.php 第 406 行.
[ 2017-04-24T10:51:14+08:00 ] /member/account | NOTIC: [8192] preg_replace(): The /e modifier is deprecated, use preg_replace_callback instead ThinkTemplate.class.php 第 406 行.
[ 2017-04-24T10:51:14+08:00 ] /member/account | NOTIC: [8192] preg_replace(): The /e modifier is deprecated, use preg_replace_callback instead ThinkTemplate.class.php 第 406 行.
[ 2017-04-24T10:51:14+08:00 ] /member/account | NOTIC: [8192] preg_replace(): The /e modifier is deprecated, use preg_replace_callback instead ThinkTemplate.class.php 第 406 行.
[ 2017-04-24T10:51:14+08:00 ] /member/account | NOTIC: [8192] preg_replace(): The /e modifier is deprecated, use preg_replace_callback instead ThinkTemplate.class.php 第 406 行.
[ 2017-04-24T10:51:14+08:00 ] /member/account | NOTIC: [8192] preg_replace(): The /e modifier is deprecated, use preg_replace_callback instead ThinkTemplate.class.php 第 406 行.
[ 2017-04-24T10:51:14+08:00 ] /member/account | NOTIC: [8192] preg_replace(): The /e modifier is deprecated, use preg_replace_callback instead ThinkTemplate.class.php 第 406 行.
[ 2017-04-24T10:51:14+08:00 ] /member/account | NOTIC: [8192] preg_replace(): The /e modifier is deprecated, use preg_replace_callback instead ThinkTemplate.class.php 第 406 行.
[ 2017-04-24T10:51:14+08:00 ] /member/account | NOTIC: [8192] preg_replace(): The /e modifier is deprecated, use preg_replace_callback instead ThinkTemplate.class.php 第 406 行.
[ 2017-04-24T10:51:14+08:00 ] /member/account | NOTIC: [8192] preg_replace(): The /e modifier is deprecated, use preg_replace_callback instead ThinkTemplate.class.php 第 406 行.
[ 2017-04-24T10:51:14+08:00 ] /member/account | NOTIC: [8192] preg_replace(): The /e modifier is deprecated, use preg_replace_callback instead ThinkTemplate.class.php 第 406 行.
[ 2017-04-24T10:51:14+08:00 ] /member/account | NOTIC: [8192] preg_replace(): The /e modifier is deprecated, use preg_replace_callback instead ThinkTemplate.class.php 第 406 行.
[ 2017-04-24T10:51:14+08:00 ] /member/account | NOTIC: [8192] preg_replace(): The /e modifier is deprecated, use preg_replace_callback instead ThinkTemplate.class.php 第 406 行.
[ 2017-04-24T10:51:14+08:00 ] /member/account | NOTIC: [8192] preg_replace(): The /e modifier is deprecated, use preg_replace_callback instead ThinkTemplate.class.php 第 406 行.
[ 2017-04-24T10:51:14+08:00 ] /member/account | NOTIC: [8192] preg_replace(): The /e modifier is deprecated, use preg_replace_callback instead ThinkTemplate.class.php 第 406 行.
[ 2017-04-24T10:51:14+08:00 ] /member/account | NOTIC: [8192] preg_replace(): The /e modifier is deprecated, use preg_replace_callback instead ThinkTemplate.class.php 第 406 行.
[ 2017-04-24T10:51:14+08:00 ] /member/account | NOTIC: [8192] preg_replace(): The /e modifier is deprecated, use preg_replace_callback instead ThinkTemplate.class.php 第 406 行.
[ 2017-04-24T10:51:14+08:00 ] /member/account | NOTIC: [8192] preg_replace(): The /e modifier is deprecated, use preg_replace_callback instead ThinkTemplate.class.php 第 406 行.
[ 2017-04-24T10:51:14+08:00 ] /member/account | NOTIC: [8192] preg_replace(): The /e modifier is deprecated, use preg_replace_callback instead ThinkTemplate.class.php 第 406 行.
[ 2017-04-24T10:51:14+08:00 ] /member/account | NOTIC: [8192] preg_replace(): The /e modifier is deprecated, use preg_replace_callback instead ThinkTemplate.class.php 第 406 行.
[ 2017-04-24T10:51:14+08:00 ] /member/account | NOTIC: [8192] preg_replace(): The /e modifier is deprecated, use preg_replace_callback instead ThinkTemplate.class.php 第 406 行.
[ 2017-04-24T10:51:14+08:00 ] /member/account | NOTIC: [8192] preg_replace(): The /e modifier is deprecated, use preg_replace_callback instead ThinkTemplate.class.php 第 406 行.
[ 2017-04-24T10:51:14+08:00 ] /member/account | NOTIC: [8192] preg_replace(): The /e modifier is deprecated, use preg_replace_callback instead ThinkTemplate.class.php 第 406 行.
[ 2017-04-24T10:51:14+08:00 ] /member/account | NOTIC: [8192] preg_replace(): The /e modifier is deprecated, use preg_replace_callback instead ThinkTemplate.class.php 第 406 行.
[ 2017-04-24T10:51:14+08:00 ] /member/account | NOTIC: [8192] preg_replace(): The /e modifier is deprecated, use preg_replace_callback instead ThinkTemplate.class.php 第 406 行.
[ 2017-04-24T10:51:14+08:00 ] /member/account | NOTIC: [8192] preg_replace(): The /e modifier is deprecated, use preg_replace_callback instead ThinkTemplate.class.php 第 406 行.
[ 2017-04-24T10:51:14+08:00 ] /member/account | NOTIC: [8192] preg_replace(): The /e modifier is deprecated, use preg_replace_callback instead ThinkTemplate.class.php 第 406 行.
[ 2017-04-24T10:51:14+08:00 ] /member/account | NOTIC: [8192] preg_replace(): The /e modifier is deprecated, use preg_replace_callback instead ThinkTemplate.class.php 第 406 行.
[ 2017-04-24T10:51:14+08:00 ] /member/account | NOTIC: [8192] preg_replace(): The /e modifier is deprecated, use preg_replace_callback instead ThinkTemplate.class.php 第 406 行.
[ 2017-04-24T10:51:14+08:00 ] /member/account | NOTIC: [8192] preg_replace(): The /e modifier is deprecated, use preg_replace_callback instead ThinkTemplate.class.php 第 406 行.
[ 2017-04-24T10:51:14+08:00 ] /member/account | NOTIC: [8192] preg_replace(): The /e modifier is deprecated, use preg_replace_callback instead ThinkTemplate.class.php 第 406 行.
[ 2017-04-24T10:51:14+08:00 ] /member/account | NOTIC: [8192] preg_replace(): The /e modifier is deprecated, use preg_replace_callback instead ThinkTemplate.class.php 第 406 行.
[ 2017-04-24T10:51:14+08:00 ] /member/account | NOTIC: [8192] preg_replace(): The /e modifier is deprecated, use preg_replace_callback instead ThinkTemplate.class.php 第 406 行.
[ 2017-04-24T10:51:14+08:00 ] /member/account | NOTIC: [8192] preg_replace(): The /e modifier is deprecated, use preg_replace_callback instead ThinkTemplate.class.php 第 406 行.
[ 2017-04-24T10:51:14+08:00 ] /member/account | NOTIC: [8192] preg_replace(): The /e modifier is deprecated, use preg_replace_callback instead ThinkTemplate.class.php 第 406 行.
[ 2017-04-24T10:51:14+08:00 ] /member/account | NOTIC: [8192] preg_replace(): The /e modifier is deprecated, use preg_replace_callback instead ThinkTemplate.class.php 第 406 行.
[ 2017-04-24T10:51:14+08:00 ] /member/account | NOTIC: [8192] preg_replace(): The /e modifier is deprecated, use preg_replace_callback instead ThinkTemplate.class.php 第 406 行.
[ 2017-04-24T10:51:14+08:00 ] /member/account | NOTIC: [8192] preg_replace(): The /e modifier is deprecated, use preg_replace_callback instead ThinkTemplate.class.php 第 406 行.
[ 2017-04-24T10:51:14+08:00 ] /member/account | NOTIC: [8192] preg_replace(): The /e modifier is deprecated, use preg_replace_callback instead ThinkTemplate.class.php 第 406 行.
[ 2017-04-24T10:51:14+08:00 ] /member/account | NOTIC: [8192] preg_replace(): The /e modifier is deprecated, use preg_replace_callback instead ThinkTemplate.class.php 第 406 行.
[ 2017-04-24T10:51:14+08:00 ] /member/account | NOTIC: [8192] preg_replace(): The /e modifier is deprecated, use preg_replace_callback instead ThinkTemplate.class.php 第 406 行.
[ 2017-04-24T10:51:14+08:00 ] /member/account | NOTIC: [8192] preg_replace(): The /e modifier is deprecated, use preg_replace_callback instead ThinkTemplate.class.php 第 406 行.
[ 2017-04-24T10:51:14+08:00 ] /member/account | NOTIC: [8192] preg_replace(): The /e modifier is deprecated, use preg_replace_callback instead ThinkTemplate.class.php 第 402 行.
[ 2017-04-24T10:51:14+08:00 ] /member/account | NOTIC: [8192] preg_replace(): The /e modifier is deprecated, use preg_replace_callback instead ThinkTemplate.class.php 第 402 行.
[ 2017-04-24T10:51:14+08:00 ] /member/account | NOTIC: [8192] preg_replace(): The /e modifier is deprecated, use preg_replace_callback instead ThinkTemplate.class.php 第 402 行.
[ 2017-04-24T10:51:14+08:00 ] /member/account | NOTIC: [8192] preg_replace(): The /e modifier is deprecated, use preg_replace_callback instead ThinkTemplate.class.php 第 402 行.
[ 2017-04-24T10:51:14+08:00 ] /member/account | NOTIC: [8192] preg_replace(): The /e modifier is deprecated, use preg_replace_callback instead ThinkTemplate.class.php 第 402 行.
[ 2017-04-24T10:51:14+08:00 ] /member/account | NOTIC: [8192] preg_replace(): The /e modifier is deprecated, use preg_replace_callback instead ThinkTemplate.class.php 第 402 行.
[ 2017-04-24T10:51:14+08:00 ] /member/account | NOTIC: [8192] preg_replace(): The /e modifier is deprecated, use preg_replace_callback instead ThinkTemplate.class.php 第 406 行.
[ 2017-04-24T10:51:14+08:00 ] /member/account | NOTIC: [8192] preg_replace(): The /e modifier is deprecated, use preg_replace_callback instead ThinkTemplate.class.php 第 406 行.
[ 2017-04-24T10:51:14+08:00 ] /member/account | NOTIC: [8192] preg_replace(): The /e modifier is deprecated, use preg_replace_callback instead ThinkTemplate.class.php 第 406 行.
[ 2017-04-24T10:51:14+08:00 ] /member/account | NOTIC: [8192] preg_replace(): The /e modifier is deprecated, use preg_replace_callback instead ThinkTemplate.class.php 第 220 行.
[ 2017-04-24T10:51:14+08:00 ] /member/account | NOTIC: [8192] preg_replace(): The /e modifier is deprecated, use preg_replace_callback instead ThinkTemplate.class.php 第 186 行.
[ 2017-04-24T10:51:14+08:00 ] /member/account | NOTIC: [8192] preg_replace(): The /e modifier is deprecated, use preg_replace_callback instead ThinkTemplate.class.php 第 406 行.
[ 2017-04-24T10:51:14+08:00 ] /member/account | NOTIC: [8192] preg_replace(): The /e modifier is deprecated, use preg_replace_callback instead ThinkTemplate.class.php 第 406 行.
[ 2017-04-24T10:51:14+08:00 ] /member/account | NOTIC: [8192] preg_replace(): The /e modifier is deprecated, use preg_replace_callback instead ThinkTemplate.class.php 第 406 行.
[ 2017-04-24T10:51:14+08:00 ] /member/account | NOTIC: [8192] preg_replace(): The /e modifier is deprecated, use preg_replace_callback instead ThinkTemplate.class.php 第 406 行.
[ 2017-04-24T10:51:14+08:00 ] /member/account | NOTIC: [8192] preg_replace(): The /e modifier is deprecated, use preg_replace_callback instead ThinkTemplate.class.php 第 406 行.
[ 2017-04-24T10:51:14+08:00 ] /member/account | NOTIC: [8192] preg_replace(): The /e modifier is deprecated, use preg_replace_callback instead ThinkTemplate.class.php 第 406 行.
[ 2017-04-24T10:51:14+08:00 ] /member/account | NOTIC: [8192] preg_replace(): The /e modifier is deprecated, use preg_replace_callback instead ThinkTemplate.class.php 第 406 行.
[ 2017-04-24T10:51:14+08:00 ] /member/account | NOTIC: [8192] preg_replace(): The /e modifier is deprecated, use preg_replace_callback instead ThinkTemplate.class.php 第 406 行.
[ 2017-04-24T10:51:14+08:00 ] /member/account | NOTIC: [8192] preg_replace(): The /e modifier is deprecated, use preg_replace_callback instead ThinkTemplate.class.php 第 406 行.
[ 2017-04-24T10:51:14+08:00 ] /member/account | NOTIC: [8192] preg_replace(): The /e modifier is deprecated, use preg_replace_callback instead ThinkTemplate.class.php 第 402 行.
[ 2017-04-24T10:51:14+08:00 ] /member/account | NOTIC: [8192] preg_replace(): The /e modifier is deprecated, use preg_replace_callback instead ThinkTemplate.class.php 第 402 行.
[ 2017-04-24T10:51:14+08:00 ] /member/account | NOTIC: [8192] preg_replace(): The /e modifier is deprecated, use preg_replace_callback instead ThinkTemplate.class.php 第 406 行.
[ 2017-04-24T10:51:14+08:00 ] /member/account | NOTIC: [8192] preg_replace(): The /e modifier is deprecated, use preg_replace_callback instead ThinkTemplate.class.php 第 406 行.
[ 2017-04-24T10:51:14+08:00 ] /member/account | NOTIC: [8192] preg_replace(): The /e modifier is deprecated, use preg_replace_callback instead ThinkTemplate.class.php 第 406 行.
[ 2017-04-24T10:51:14+08:00 ] /member/account | NOTIC: [8192] preg_replace(): The /e modifier is deprecated, use preg_replace_callback instead ThinkTemplate.class.php 第 402 行.
[ 2017-04-24T10:51:14+08:00 ] /member/account | NOTIC: [8192] preg_replace(): The /e modifier is deprecated, use preg_replace_callback instead ThinkTemplate.class.php 第 406 行.
[ 2017-04-24T10:51:14+08:00 ] /member/account | NOTIC: [8192] preg_replace(): The /e modifier is deprecated, use preg_replace_callback instead ThinkTemplate.class.php 第 406 行.
[ 2017-04-24T10:51:14+08:00 ] /member/account | NOTIC: [8192] preg_replace(): The /e modifier is deprecated, use preg_replace_callback instead ThinkTemplate.class.php 第 406 行.
[ 2017-04-24T10:51:14+08:00 ] /member/account | NOTIC: [8192] preg_replace(): The /e modifier is deprecated, use preg_replace_callback instead ThinkTemplate.class.php 第 406 行.
[ 2017-04-24T10:51:14+08:00 ] /member/account | NOTIC: [8192] preg_replace(): The /e modifier is deprecated, use preg_replace_callback instead ThinkTemplate.class.php 第 406 行.
[ 2017-04-24T10:51:14+08:00 ] /member/account | NOTIC: [8192] preg_replace(): The /e modifier is deprecated, use preg_replace_callback instead ThinkTemplate.class.php 第 406 行.
[ 2017-04-24T10:51:14+08:00 ] /member/account | NOTIC: [8192] preg_replace(): The /e modifier is deprecated, use preg_replace_callback instead ThinkTemplate.class.php 第 406 行.
[ 2017-04-24T10:51:14+08:00 ] /member/account | NOTIC: [8192] preg_replace(): The /e modifier is deprecated, use preg_replace_callback instead ThinkTemplate.class.php 第 406 行.
[ 2017-04-24T10:51:14+08:00 ] /member/account | NOTIC: [8192] preg_replace(): The /e modifier is deprecated, use preg_replace_callback instead ThinkTemplate.class.php 第 406 行.
[ 2017-04-24T10:51:14+08:00 ] /member/account | NOTIC: [8192] preg_replace(): The /e modifier is deprecated, use preg_replace_callback instead ThinkTemplate.class.php 第 406 行.
[ 2017-04-24T10:51:14+08:00 ] /member/account | NOTIC: [8192] preg_replace(): The /e modifier is deprecated, use preg_replace_callback instead ThinkTemplate.class.php 第 406 行.
[ 2017-04-24T10:51:14+08:00 ] /member/account | NOTIC: [8192] preg_replace(): The /e modifier is deprecated, use preg_replace_callback instead ThinkTemplate.class.php 第 406 行.
[ 2017-04-24T10:51:14+08:00 ] /member/account | NOTIC: [8192] preg_replace(): The /e modifier is deprecated, use preg_replace_callback instead ThinkTemplate.class.php 第 406 行.
[ 2017-04-24T10:51:14+08:00 ] /member/account | NOTIC: [8192] preg_replace(): The /e modifier is deprecated, use preg_replace_callback instead ThinkTemplate.class.php 第 406 行.
[ 2017-04-24T10:51:14+08:00 ] /member/account | NOTIC: [8192] preg_replace(): The /e modifier is deprecated, use preg_replace_callback instead ThinkTemplate.class.php 第 406 行.
[ 2017-04-24T10:51:14+08:00 ] /member/account | NOTIC: [8192] preg_replace(): The /e modifier is deprecated, use preg_replace_callback instead ThinkTemplate.class.php 第 406 行.
[ 2017-04-24T10:51:14+08:00 ] /member/account | NOTIC: [8192] preg_replace(): The /e modifier is deprecated, use preg_replace_callback instead ThinkTemplate.class.php 第 406 行.
[ 2017-04-24T10:51:14+08:00 ] /member/account | NOTIC: [8192] preg_replace(): The /e modifier is deprecated, use preg_replace_callback instead ThinkTemplate.class.php 第 406 行.
[ 2017-04-24T10:51:14+08:00 ] /member/account | NOTIC: [8192] preg_replace(): The /e modifier is deprecated, use preg_replace_callback instead ThinkTemplate.class.php 第 406 行.
[ 2017-04-24T10:51:14+08:00 ] /member/account | NOTIC: [8192] preg_replace(): The /e modifier is deprecated, use preg_replace_callback instead ThinkTemplate.class.php 第 406 行.
[ 2017-04-24T10:51:14+08:00 ] /member/account | NOTIC: [8192] preg_replace(): The /e modifier is deprecated, use preg_replace_callback instead ThinkTemplate.class.php 第 406 行.
[ 2017-04-24T10:51:14+08:00 ] /member/account | NOTIC: [8192] preg_replace(): The /e modifier is deprecated, use preg_replace_callback instead ThinkTemplate.class.php 第 406 行.
[ 2017-04-24T10:51:14+08:00 ] /member/account | NOTIC: [8192] preg_replace(): The /e modifier is deprecated, use preg_replace_callback instead ThinkTemplate.class.php 第 406 行.
[ 2017-04-24T10:51:14+08:00 ] /member/account | NOTIC: [8192] preg_replace(): The /e modifier is deprecated, use preg_replace_callback instead ThinkTemplate.class.php 第 406 行.
[ 2017-04-24T10:51:14+08:00 ] /member/account | NOTIC: [8192] preg_replace(): The /e modifier is deprecated, use preg_replace_callback instead ThinkTemplate.class.php 第 406 行.
[ 2017-04-24T10:51:14+08:00 ] /member/account | NOTIC: [8192] preg_replace(): The /e modifier is deprecated, use preg_replace_callback instead ThinkTemplate.class.php 第 406 行.
[ 2017-04-24T10:51:14+08:00 ] /member/account | NOTIC: [8192] preg_replace(): The /e modifier is deprecated, use preg_replace_callback instead ThinkTemplate.class.php 第 406 行.
[ 2017-04-24T10:51:14+08:00 ] /member/account | NOTIC: [8192] preg_replace(): The /e modifier is deprecated, use preg_replace_callback instead ThinkTemplate.class.php 第 406 行.
[ 2017-04-24T10:51:14+08:00 ] /member/account | NOTIC: [8192] preg_replace(): The /e modifier is deprecated, use preg_replace_callback instead ThinkTemplate.class.php 第 406 行.
[ 2017-04-24T10:51:14+08:00 ] /member/account | NOTIC: [8192] preg_replace(): The /e modifier is deprecated, use preg_replace_callback instead ThinkTemplate.class.php 第 406 行.
[ 2017-04-24T10:51:14+08:00 ] /member/account | NOTIC: [8192] preg_replace(): The /e modifier is deprecated, use preg_replace_callback instead ThinkTemplate.class.php 第 406 行.
[ 2017-04-24T10:51:14+08:00 ] /member/account | NOTIC: [8192] preg_replace(): The /e modifier is deprecated, use preg_replace_callback instead ThinkTemplate.class.php 第 406 行.
[ 2017-04-24T10:51:14+08:00 ] /member/account | NOTIC: [8192] preg_replace(): The /e modifier is deprecated, use preg_replace_callback instead ThinkTemplate.class.php 第 406 行.
[ 2017-04-24T10:51:14+08:00 ] /member/account | NOTIC: [8192] preg_replace(): The /e modifier is deprecated, use preg_replace_callback instead ThinkTemplate.class.php 第 406 行.
[ 2017-04-24T10:51:14+08:00 ] /member/account | NOTIC: [8192] preg_replace(): The /e modifier is deprecated, use preg_replace_callback instead ThinkTemplate.class.php 第 406 行.
[ 2017-04-24T10:51:14+08:00 ] /member/account | NOTIC: [8192] preg_replace(): The /e modifier is deprecated, use preg_replace_callback instead ThinkTemplate.class.php 第 406 行.
[ 2017-04-24T10:51:14+08:00 ] /member/account | NOTIC: [8192] preg_replace(): The /e modifier is deprecated, use preg_replace_callback instead ThinkTemplate.class.php 第 406 行.
[ 2017-04-24T10:51:14+08:00 ] /member/account | NOTIC: [8192] preg_replace(): The /e modifier is deprecated, use preg_replace_callback instead ThinkTemplate.class.php 第 406 行.
[ 2017-04-24T10:51:14+08:00 ] /member/account | NOTIC: [8192] preg_replace(): The /e modifier is deprecated, use preg_replace_callback instead ThinkTemplate.class.php 第 406 行.
[ 2017-04-24T10:51:14+08:00 ] /member/account | NOTIC: [8192] preg_replace(): The /e modifier is deprecated, use preg_replace_callback instead ThinkTemplate.class.php 第 406 行.
[ 2017-04-24T10:51:14+08:00 ] /member/account | NOTIC: [8192] preg_replace(): The /e modifier is deprecated, use preg_replace_callback instead ThinkTemplate.class.php 第 406 行.
[ 2017-04-24T10:51:14+08:00 ] /member/account | NOTIC: [8192] preg_replace(): The /e modifier is deprecated, use preg_replace_callback instead ThinkTemplate.class.php 第 406 行.
[ 2017-04-24T10:51:14+08:00 ] /member/account | NOTIC: [8192] preg_replace(): The /e modifier is deprecated, use preg_replace_callback instead ThinkTemplate.class.php 第 406 行.
[ 2017-04-24T10:51:14+08:00 ] /member/account | NOTIC: [8192] preg_replace(): The /e modifier is deprecated, use preg_replace_callback instead ThinkTemplate.class.php 第 406 行.
[ 2017-04-24T10:51:14+08:00 ] /member/account | NOTIC: [8192] preg_replace(): The /e modifier is deprecated, use preg_replace_callback instead ThinkTemplate.class.php 第 406 行.
[ 2017-04-24T10:51:14+08:00 ] /member/account | NOTIC: [8192] preg_replace(): The /e modifier is deprecated, use preg_replace_callback instead ThinkTemplate.class.php 第 406 行.
[ 2017-04-24T10:51:14+08:00 ] /member/account | NOTIC: [8192] preg_replace(): The /e modifier is deprecated, use preg_replace_callback instead ThinkTemplate.class.php 第 406 行.
[ 2017-04-24T10:51:14+08:00 ] /member/account | NOTIC: [8192] preg_replace(): The /e modifier is deprecated, use preg_replace_callback instead ThinkTemplate.class.php 第 406 行.
[ 2017-04-24T10:51:14+08:00 ] /member/account | NOTIC: [8192] preg_replace(): The /e modifier is deprecated, use preg_replace_callback instead ThinkTemplate.class.php 第 406 行.
[ 2017-04-24T10:51:14+08:00 ] /member/account | NOTIC: [8192] preg_replace(): The /e modifier is deprecated, use preg_replace_callback instead ThinkTemplate.class.php 第 406 行.
[ 2017-04-24T10:51:14+08:00 ] /member/account | NOTIC: [8192] preg_replace(): The /e modifier is deprecated, use preg_replace_callback instead ThinkTemplate.class.php 第 406 行.
[ 2017-04-24T10:51:14+08:00 ] /member/account | NOTIC: [8192] preg_replace(): The /e modifier is deprecated, use preg_replace_callback instead ThinkTemplate.class.php 第 406 行.
[ 2017-04-24T10:51:14+08:00 ] /member/account | NOTIC: [8192] preg_replace(): The /e modifier is deprecated, use preg_replace_callback instead ThinkTemplate.class.php 第 406 行.
[ 2017-04-24T10:51:14+08:00 ] /member/account | NOTIC: [8192] preg_replace(): The /e modifier is deprecated, use preg_replace_callback instead ThinkTemplate.class.php 第 406 行.
[ 2017-04-24T10:51:14+08:00 ] /member/account | NOTIC: [8192] preg_replace(): The /e modifier is deprecated, use preg_replace_callback instead ThinkTemplate.class.php 第 406 行.
[ 2017-04-24T10:51:14+08:00 ] /member/account | NOTIC: [8192] preg_replace(): The /e modifier is deprecated, use preg_replace_callback instead ThinkTemplate.class.php 第 406 行.
[ 2017-04-24T10:51:14+08:00 ] /member/account | NOTIC: [8192] preg_replace(): The /e modifier is deprecated, use preg_replace_callback instead ThinkTemplate.class.php 第 406 行.
[ 2017-04-24T10:51:14+08:00 ] /member/account | NOTIC: [8192] preg_replace(): The /e modifier is deprecated, use preg_replace_callback instead ThinkTemplate.class.php 第 406 行.
[ 2017-04-24T10:51:14+08:00 ] /member/account | NOTIC: [8192] preg_replace(): The /e modifier is deprecated, use preg_replace_callback instead ThinkTemplate.class.php 第 406 行.
[ 2017-04-24T10:51:14+08:00 ] /member/account | NOTIC: [8192] preg_replace(): The /e modifier is deprecated, use preg_replace_callback instead ThinkTemplate.class.php 第 406 行.
[ 2017-04-24T10:51:14+08:00 ] /member/account | NOTIC: [8192] preg_replace(): The /e modifier is deprecated, use preg_replace_callback instead ThinkTemplate.class.php 第 406 行.
[ 2017-04-24T10:51:14+08:00 ] /member/account | NOTIC: [8192] preg_replace(): The /e modifier is deprecated, use preg_replace_callback instead ThinkTemplate.class.php 第 406 行.
[ 2017-04-24T10:51:14+08:00 ] /member/account | NOTIC: [8192] preg_replace(): The /e modifier is deprecated, use preg_replace_callback instead ThinkTemplate.class.php 第 406 行.
[ 2017-04-24T10:51:14+08:00 ] /member/account | NOTIC: [8192] preg_replace(): The /e modifier is deprecated, use preg_replace_callback instead ThinkTemplate.class.php 第 406 行.
[ 2017-04-24T10:51:14+08:00 ] /member/account | NOTIC: [8192] preg_replace(): The /e modifier is deprecated, use preg_replace_callback instead ThinkTemplate.class.php 第 406 行.
[ 2017-04-24T10:51:14+08:00 ] /member/account | NOTIC: [8192] preg_replace(): The /e modifier is deprecated, use preg_replace_callback instead ThinkTemplate.class.php 第 406 行.
[ 2017-04-24T10:51:14+08:00 ] /member/account | NOTIC: [8192] preg_replace(): The /e modifier is deprecated, use preg_replace_callback instead ThinkTemplate.class.php 第 402 行.
[ 2017-04-24T10:51:14+08:00 ] /member/account | NOTIC: [8192] preg_replace(): The /e modifier is deprecated, use preg_replace_callback instead ThinkTemplate.class.php 第 402 行.
[ 2017-04-24T10:51:14+08:00 ] /member/account | NOTIC: [8192] preg_replace(): The /e modifier is deprecated, use preg_replace_callback instead ThinkTemplate.class.php 第 402 行.
[ 2017-04-24T10:51:14+08:00 ] /member/account | NOTIC: [8192] preg_replace(): The /e modifier is deprecated, use preg_replace_callback instead ThinkTemplate.class.php 第 402 行.
[ 2017-04-24T10:51:14+08:00 ] /member/account | NOTIC: [8192] preg_replace(): The /e modifier is deprecated, use preg_replace_callback instead ThinkTemplate.class.php 第 402 行.
[ 2017-04-24T10:51:14+08:00 ] /member/account | NOTIC: [8192] preg_replace(): The /e modifier is deprecated, use preg_replace_callback instead ThinkTemplate.class.php 第 402 行.
[ 2017-04-24T10:51:14+08:00 ] /member/account | NOTIC: [8192] preg_replace(): The /e modifier is deprecated, use preg_replace_callback instead ThinkTemplate.class.php 第 406 行.
[ 2017-04-24T10:51:14+08:00 ] /member/account | NOTIC: [8192] preg_replace(): The /e modifier is deprecated, use preg_replace_callback instead ThinkTemplate.class.php 第 406 行.
[ 2017-04-24T10:51:14+08:00 ] /member/account | NOTIC: [8192] preg_replace(): The /e modifier is deprecated, use preg_replace_callback instead ThinkTemplate.class.php 第 406 行.
[ 2017-04-24T10:51:14+08:00 ] /member/account | NOTIC: [8192] preg_replace(): The /e modifier is deprecated, use preg_replace_callback instead ThinkTemplate.class.php 第 220 行.
[ 2017-04-24T10:51:14+08:00 ] /member/account | NOTIC: [8192] preg_replace(): The /e modifier is deprecated, use preg_replace_callback instead ThinkTemplate.class.php 第 406 行.
[ 2017-04-24T10:51:14+08:00 ] /member/account | NOTIC: [8192] preg_replace(): The /e modifier is deprecated, use preg_replace_callback instead ThinkTemplate.class.php 第 406 行.
[ 2017-04-24T10:51:14+08:00 ] /member/account | NOTIC: [8192] preg_replace(): The /e modifier is deprecated, use preg_replace_callback instead ThinkTemplate.class.php 第 406 行.
[ 2017-04-24T10:51:14+08:00 ] /member/account | NOTIC: [8192] preg_replace(): The /e modifier is deprecated, use preg_replace_callback instead ThinkTemplate.class.php 第 406 行.
[ 2017-04-24T10:51:14+08:00 ] /member/account | NOTIC: [8192] preg_replace(): The /e modifier is deprecated, use preg_replace_callback instead ThinkTemplate.class.php 第 402 行.
[ 2017-04-24T10:51:14+08:00 ] /member/account | NOTIC: [8192] preg_replace(): The /e modifier is deprecated, use preg_replace_callback instead ThinkTemplate.class.php 第 402 行.
[ 2017-04-24T10:51:14+08:00 ] /member/account | NOTIC: [8192] preg_replace(): The /e modifier is deprecated, use preg_replace_callback instead ThinkTemplate.class.php 第 406 行.
[ 2017-04-24T10:51:14+08:00 ] /member/account | NOTIC: [8192] preg_replace(): The /e modifier is deprecated, use preg_replace_callback instead ThinkTemplate.class.php 第 406 行.
[ 2017-04-24T10:51:14+08:00 ] /member/account | NOTIC: [8192] preg_replace(): The /e modifier is deprecated, use preg_replace_callback instead ThinkTemplate.class.php 第 406 行.
[ 2017-04-24T10:51:14+08:00 ] /member/account | NOTIC: [8192] preg_replace(): The /e modifier is deprecated, use preg_replace_callback instead ThinkTemplate.class.php 第 402 行.
[ 2017-04-24T10:51:14+08:00 ] /member/account | NOTIC: [8192] preg_replace(): The /e modifier is deprecated, use preg_replace_callback instead ThinkTemplate.class.php 第 406 行.
[ 2017-04-24T10:51:14+08:00 ] /member/account | NOTIC: [8192] preg_replace(): The /e modifier is deprecated, use preg_replace_callback instead ThinkTemplate.class.php 第 406 行.
[ 2017-04-24T10:51:14+08:00 ] /member/account | NOTIC: [8192] preg_replace(): The /e modifier is deprecated, use preg_replace_callback instead ThinkTemplate.class.php 第 406 行.
[ 2017-04-24T10:51:14+08:00 ] /member/account | NOTIC: [8192] preg_replace(): The /e modifier is deprecated, use preg_replace_callback instead ThinkTemplate.class.php 第 406 行.
[ 2017-04-24T10:51:14+08:00 ] /member/account | NOTIC: [8192] preg_replace(): The /e modifier is deprecated, use preg_replace_callback instead ThinkTemplate.class.php 第 406 行.
[ 2017-04-24T10:51:14+08:00 ] /member/account | NOTIC: [8192] preg_replace(): The /e modifier is deprecated, use preg_replace_callback instead ThinkTemplate.class.php 第 406 行.
[ 2017-04-24T10:51:14+08:00 ] /member/account | NOTIC: [8192] preg_replace(): The /e modifier is deprecated, use preg_replace_callback instead ThinkTemplate.class.php 第 406 行.
[ 2017-04-24T10:51:14+08:00 ] /member/account | NOTIC: [8192] preg_replace(): The /e modifier is deprecated, use preg_replace_callback instead ThinkTemplate.class.php 第 406 行.
[ 2017-04-24T10:51:14+08:00 ] /member/account | NOTIC: [8192] preg_replace(): The /e modifier is deprecated, use preg_replace_callback instead ThinkTemplate.class.php 第 406 行.
[ 2017-04-24T10:51:14+08:00 ] /member/account | NOTIC: [8192] preg_replace(): The /e modifier is deprecated, use preg_replace_callback instead ThinkTemplate.class.php 第 406 行.
[ 2017-04-24T10:51:14+08:00 ] /member/account | NOTIC: [8192] preg_replace(): The /e modifier is deprecated, use preg_replace_callback instead ThinkTemplate.class.php 第 406 行.
[ 2017-04-24T10:51:14+08:00 ] /member/account | NOTIC: [8192] preg_replace(): The /e modifier is deprecated, use preg_replace_callback instead ThinkTemplate.class.php 第 406 行.
[ 2017-04-24T10:51:14+08:00 ] /member/account | NOTIC: [8192] preg_replace(): The /e modifier is deprecated, use preg_replace_callback instead ThinkTemplate.class.php 第 406 行.
[ 2017-04-24T10:51:14+08:00 ] /member/account | NOTIC: [8192] preg_replace(): The /e modifier is deprecated, use preg_replace_callback instead ThinkTemplate.class.php 第 406 行.
[ 2017-04-24T10:51:14+08:00 ] /member/account | NOTIC: [8192] preg_replace(): The /e modifier is deprecated, use preg_replace_callback instead ThinkTemplate.class.php 第 406 行.
[ 2017-04-24T10:51:14+08:00 ] /member/account | NOTIC: [8192] preg_replace(): The /e modifier is deprecated, use preg_replace_callback instead ThinkTemplate.class.php 第 406 行.
[ 2017-04-24T10:51:14+08:00 ] /member/account | NOTIC: [8192] preg_replace(): The /e modifier is deprecated, use preg_replace_callback instead ThinkTemplate.class.php 第 406 行.
[ 2017-04-24T10:51:14+08:00 ] /member/account | NOTIC: [8192] preg_replace(): The /e modifier is deprecated, use preg_replace_callback instead ThinkTemplate.class.php 第 406 行.
[ 2017-04-24T10:51:14+08:00 ] /member/account | NOTIC: [8192] preg_replace(): The /e modifier is deprecated, use preg_replace_callback instead ThinkTemplate.class.php 第 406 行.
[ 2017-04-24T10:51:14+08:00 ] /member/account | NOTIC: [8192] preg_replace(): The /e modifier is deprecated, use preg_replace_callback instead ThinkTemplate.class.php 第 406 行.
[ 2017-04-24T10:51:14+08:00 ] /member/account | NOTIC: [8192] preg_replace(): The /e modifier is deprecated, use preg_replace_callback instead ThinkTemplate.class.php 第 406 行.
[ 2017-04-24T10:51:14+08:00 ] /member/account | NOTIC: [8192] preg_replace(): The /e modifier is deprecated, use preg_replace_callback instead ThinkTemplate.class.php 第 406 行.
[ 2017-04-24T10:51:14+08:00 ] /member/account | NOTIC: [8192] preg_replace(): The /e modifier is deprecated, use preg_replace_callback instead ThinkTemplate.class.php 第 406 行.
[ 2017-04-24T10:51:14+08:00 ] /member/account | NOTIC: [8192] preg_replace(): The /e modifier is deprecated, use preg_replace_callback instead ThinkTemplate.class.php 第 406 行.
[ 2017-04-24T10:51:14+08:00 ] /member/account | NOTIC: [8192] preg_replace(): The /e modifier is deprecated, use preg_replace_callback instead ThinkTemplate.class.php 第 406 行.
[ 2017-04-24T10:51:14+08:00 ] /member/account | NOTIC: [8192] preg_replace(): The /e modifier is deprecated, use preg_replace_callback instead ThinkTemplate.class.php 第 406 行.
[ 2017-04-24T10:51:14+08:00 ] /member/account | NOTIC: [8192] preg_replace(): The /e modifier is deprecated, use preg_replace_callback instead ThinkTemplate.class.php 第 406 行.
[ 2017-04-24T10:51:14+08:00 ] /member/account | NOTIC: [8192] preg_replace(): The /e modifier is deprecated, use preg_replace_callback instead ThinkTemplate.class.php 第 406 行.
[ 2017-04-24T10:51:14+08:00 ] /member/account | NOTIC: [8192] preg_replace(): The /e modifier is deprecated, use preg_replace_callback instead ThinkTemplate.class.php 第 406 行.
[ 2017-04-24T10:51:14+08:00 ] /member/account | NOTIC: [8192] preg_replace(): The /e modifier is deprecated, use preg_replace_callback instead ThinkTemplate.class.php 第 406 行.
[ 2017-04-24T10:51:14+08:00 ] /member/account | NOTIC: [8192] preg_replace(): The /e modifier is deprecated, use preg_replace_callback instead ThinkTemplate.class.php 第 406 行.
[ 2017-04-24T10:51:14+08:00 ] /member/account | NOTIC: [8192] preg_replace(): The /e modifier is deprecated, use preg_replace_callback instead ThinkTemplate.class.php 第 406 行.
[ 2017-04-24T10:51:14+08:00 ] /member/account | NOTIC: [8192] preg_replace(): The /e modifier is deprecated, use preg_replace_callback instead ThinkTemplate.class.php 第 406 行.
[ 2017-04-24T10:51:14+08:00 ] /member/account | NOTIC: [8192] preg_replace(): The /e modifier is deprecated, use preg_replace_callback instead ThinkTemplate.class.php 第 406 行.
[ 2017-04-24T10:51:14+08:00 ] /member/account | NOTIC: [8192] preg_replace(): The /e modifier is deprecated, use preg_replace_callback instead ThinkTemplate.class.php 第 406 行.
[ 2017-04-24T10:51:14+08:00 ] /member/account | NOTIC: [8192] preg_replace(): The /e modifier is deprecated, use preg_replace_callback instead ThinkTemplate.class.php 第 406 行.
[ 2017-04-24T10:51:14+08:00 ] /member/account | NOTIC: [8192] preg_replace(): The /e modifier is deprecated, use preg_replace_callback instead ThinkTemplate.class.php 第 406 行.
[ 2017-04-24T10:51:14+08:00 ] /member/account | NOTIC: [8192] preg_replace(): The /e modifier is deprecated, use preg_replace_callback instead ThinkTemplate.class.php 第 406 行.
[ 2017-04-24T10:51:14+08:00 ] /member/account | NOTIC: [8192] preg_replace(): The /e modifier is deprecated, use preg_replace_callback instead ThinkTemplate.class.php 第 406 行.
[ 2017-04-24T10:51:14+08:00 ] /member/account | NOTIC: [8192] preg_replace(): The /e modifier is deprecated, use preg_replace_callback instead ThinkTemplate.class.php 第 406 行.
[ 2017-04-24T10:51:14+08:00 ] /member/account | NOTIC: [8192] preg_replace(): The /e modifier is deprecated, use preg_replace_callback instead ThinkTemplate.class.php 第 406 行.
[ 2017-04-24T10:51:14+08:00 ] /member/account | NOTIC: [8192] preg_replace(): The /e modifier is deprecated, use preg_replace_callback instead ThinkTemplate.class.php 第 406 行.
[ 2017-04-24T10:51:14+08:00 ] /member/account | NOTIC: [8192] preg_replace(): The /e modifier is deprecated, use preg_replace_callback instead ThinkTemplate.class.php 第 406 行.
[ 2017-04-24T10:51:14+08:00 ] /member/account | NOTIC: [8192] preg_replace(): The /e modifier is deprecated, use preg_replace_callback instead ThinkTemplate.class.php 第 406 行.
[ 2017-04-24T10:51:14+08:00 ] /member/account | NOTIC: [8192] preg_replace(): The /e modifier is deprecated, use preg_replace_callback instead ThinkTemplate.class.php 第 406 行.
[ 2017-04-24T10:51:14+08:00 ] /member/account | NOTIC: [8192] preg_replace(): The /e modifier is deprecated, use preg_replace_callback instead ThinkTemplate.class.php 第 406 行.
[ 2017-04-24T10:51:14+08:00 ] /member/account | NOTIC: [8192] preg_replace(): The /e modifier is deprecated, use preg_replace_callback instead ThinkTemplate.class.php 第 406 行.
[ 2017-04-24T10:51:14+08:00 ] /member/account | NOTIC: [8192] preg_replace(): The /e modifier is deprecated, use preg_replace_callback instead ThinkTemplate.class.php 第 406 行.
[ 2017-04-24T10:51:14+08:00 ] /member/account | NOTIC: [8192] preg_replace(): The /e modifier is deprecated, use preg_replace_callback instead ThinkTemplate.class.php 第 406 行.
[ 2017-04-24T10:51:14+08:00 ] /member/account | NOTIC: [8192] preg_replace(): The /e modifier is deprecated, use preg_replace_callback instead ThinkTemplate.class.php 第 406 行.
[ 2017-04-24T10:51:14+08:00 ] /member/account | NOTIC: [8192] preg_replace(): The /e modifier is deprecated, use preg_replace_callback instead ThinkTemplate.class.php 第 406 行.
[ 2017-04-24T10:51:14+08:00 ] /member/account | NOTIC: [8192] preg_replace(): The /e modifier is deprecated, use preg_replace_callback instead ThinkTemplate.class.php 第 406 行.
[ 2017-04-24T10:51:14+08:00 ] /member/account | NOTIC: [8192] preg_replace(): The /e modifier is deprecated, use preg_replace_callback instead ThinkTemplate.class.php 第 406 行.
[ 2017-04-24T10:51:14+08:00 ] /member/account | NOTIC: [8192] preg_replace(): The /e modifier is deprecated, use preg_replace_callback instead ThinkTemplate.class.php 第 406 行.
[ 2017-04-24T10:51:14+08:00 ] /member/account | NOTIC: [8192] preg_replace(): The /e modifier is deprecated, use preg_replace_callback instead ThinkTemplate.class.php 第 406 行.
[ 2017-04-24T10:51:14+08:00 ] /member/account | NOTIC: [8192] preg_replace(): The /e modifier is deprecated, use preg_replace_callback instead ThinkTemplate.class.php 第 406 行.
[ 2017-04-24T10:51:14+08:00 ] /member/account | NOTIC: [8192] preg_replace(): The /e modifier is deprecated, use preg_replace_callback instead ThinkTemplate.class.php 第 406 行.
[ 2017-04-24T10:51:14+08:00 ] /member/account | NOTIC: [8192] preg_replace(): The /e modifier is deprecated, use preg_replace_callback instead ThinkTemplate.class.php 第 406 行.
[ 2017-04-24T10:51:14+08:00 ] /member/account | NOTIC: [8192] preg_replace(): The /e modifier is deprecated, use preg_replace_callback instead ThinkTemplate.class.php 第 406 行.
[ 2017-04-24T10:51:14+08:00 ] /member/account | NOTIC: [8192] preg_replace(): The /e modifier is deprecated, use preg_replace_callback instead ThinkTemplate.class.php 第 406 行.
[ 2017-04-24T10:51:14+08:00 ] /member/account | NOTIC: [8192] preg_replace(): The /e modifier is deprecated, use preg_replace_callback instead ThinkTemplate.class.php 第 406 行.
[ 2017-04-24T10:51:14+08:00 ] /member/account | NOTIC: [8192] preg_replace(): The /e modifier is deprecated, use preg_replace_callback instead ThinkTemplate.class.php 第 406 行.
[ 2017-04-24T10:51:14+08:00 ] /member/account | NOTIC: [8192] preg_replace(): The /e modifier is deprecated, use preg_replace_callback instead ThinkTemplate.class.php 第 406 行.
[ 2017-04-24T10:51:14+08:00 ] /member/account | NOTIC: [8192] preg_replace(): The /e modifier is deprecated, use preg_replace_callback instead ThinkTemplate.class.php 第 406 行.
[ 2017-04-24T10:51:14+08:00 ] /member/account | NOTIC: [8192] preg_replace(): The /e modifier is deprecated, use preg_replace_callback instead ThinkTemplate.class.php 第 406 行.
[ 2017-04-24T10:51:14+08:00 ] /member/account | NOTIC: [8192] preg_replace(): The /e modifier is deprecated, use preg_replace_callback instead ThinkTemplate.class.php 第 406 行.
[ 2017-04-24T10:51:14+08:00 ] /member/account | NOTIC: [8192] preg_replace(): The /e modifier is deprecated, use preg_replace_callback instead ThinkTemplate.class.php 第 402 行.
[ 2017-04-24T10:51:14+08:00 ] /member/account | NOTIC: [8192] preg_replace(): The /e modifier is deprecated, use preg_replace_callback instead ThinkTemplate.class.php 第 402 行.
[ 2017-04-24T10:51:14+08:00 ] /member/account | NOTIC: [8192] preg_replace(): The /e modifier is deprecated, use preg_replace_callback instead ThinkTemplate.class.php 第 402 行.
[ 2017-04-24T10:51:14+08:00 ] /member/account | NOTIC: [8192] preg_replace(): The /e modifier is deprecated, use preg_replace_callback instead ThinkTemplate.class.php 第 402 行.
[ 2017-04-24T10:51:14+08:00 ] /member/account | NOTIC: [8192] preg_replace(): The /e modifier is deprecated, use preg_replace_callback instead ThinkTemplate.class.php 第 402 行.
[ 2017-04-24T10:51:14+08:00 ] /member/account | NOTIC: [8192] preg_replace(): The /e modifier is deprecated, use preg_replace_callback instead ThinkTemplate.class.php 第 402 行.
[ 2017-04-24T10:51:14+08:00 ] /member/account | NOTIC: [8192] preg_replace(): The /e modifier is deprecated, use preg_replace_callback instead ThinkTemplate.class.php 第 406 行.
[ 2017-04-24T10:51:14+08:00 ] /member/account | NOTIC: [8192] preg_replace(): The /e modifier is deprecated, use preg_replace_callback instead ThinkTemplate.class.php 第 406 行.
[ 2017-04-24T10:51:14+08:00 ] /member/account | NOTIC: [8192] preg_replace(): The /e modifier is deprecated, use preg_replace_callback instead ThinkTemplate.class.php 第 406 行.
[ 2017-04-24T10:51:14+08:00 ] /member/account | NOTIC: [8192] preg_replace(): The /e modifier is deprecated, use preg_replace_callback instead ThinkTemplate.class.php 第 220 行.
[ 2017-04-24T10:51:14+08:00 ] /member/account | NOTIC: [8192] preg_replace(): The /e modifier is deprecated, use preg_replace_callback instead ThinkTemplate.class.php 第 154 行.
[ 2017-04-24T10:51:14+08:00 ] /member/account | NOTIC: [8] Undefined variable: pageseo b6765b61342e000e33a165743a66e3d9.php 第 8 行.
[ 2017-04-24T10:51:14+08:00 ] /member/account | NOTIC: [8] Undefined variable: pageseo b6765b61342e000e33a165743a66e3d9.php 第 9 行.
[ 2017-04-24T10:51:14+08:00 ] /member/account | NOTIC: [8] Undefined variable: pageseo b6765b61342e000e33a165743a66e3d9.php 第 10 行.
[ 2017-04-24T10:51:14+08:00 ] /member/account | NOTIC: [8] Undefined variable: member b6765b61342e000e33a165743a66e3d9.php 第 194 行.
[ 2017-04-24T10:51:14+08:00 ] /member/account | NOTIC: [8] Undefined variable: member b6765b61342e000e33a165743a66e3d9.php 第 196 行.
[ 2017-04-24T10:51:14+08:00 ] /member/account | NOTIC: [8] Undefined variable: member b6765b61342e000e33a165743a66e3d9.php 第 211 行.
[ 2017-04-24T10:51:14+08:00 ] /member/account | NOTIC: [8] Undefined variable: member b6765b61342e000e33a165743a66e3d9.php 第 219 行.
[ 2017-04-24T10:51:14+08:00 ] /member/account | NOTIC: [8] Undefined variable: c b6765b61342e000e33a165743a66e3d9.php 第 228 行.
[ 2017-04-24T10:51:14+08:00 ] /member/account | NOTIC: [8] Undefined variable: news b6765b61342e000e33a165743a66e3d9.php 第 235 行.
[ 2017-04-24T10:51:14+08:00 ] /member/account | NOTIC: [8] Undefined variable: member b6765b61342e000e33a165743a66e3d9.php 第 248 行.
[ 2017-04-24T10:51:14+08:00 ] /member/account | NOTIC: [8] Undefined variable: money b6765b61342e000e33a165743a66e3d9.php 第 248 行.
[ 2017-04-24T10:51:14+08:00 ] /member/account | NOTIC: [8] Undefined variable: cashout b6765b61342e000e33a165743a66e3d9.php 第 248 行.
[ 2017-04-24T10:51:14+08:00 ] /member/account | NOTIC: [8] Undefined variable: member b6765b61342e000e33a165743a66e3d9.php 第 249 行.
[ 2017-04-24T10:51:14+08:00 ] /member/account | NOTIC: [8] Undefined variable: money b6765b61342e000e33a165743a66e3d9.php 第 250 行.
[ 2017-04-24T10:51:14+08:00 ] /member/account | NOTIC: [8] Undefined variable: cashout b6765b61342e000e33a165743a66e3d9.php 第 251 行.
[ 2017-04-24T10:51:14+08:00 ] /member/account | NOTIC: [8] Undefined variable: list b6765b61342e000e33a165743a66e3d9.php 第 271 行.
[ 2017-04-24T10:51:14+08:00 ] /member/account | NOTIC: [8] Undefined variable: integral b6765b61342e000e33a165743a66e3d9.php 第 302 行.
[ 2017-04-24T10:51:14+08:00 ] /member/account | NOTIC: [8] Undefined variable: member b6765b61342e000e33a165743a66e3d9.php 第 363 行.
[ 2017-04-24T10:51:14+08:00 ] /member/account | NOTIC: [8] Undefined variable: money b6765b61342e000e33a165743a66e3d9.php 第 364 行.
[ 2017-04-24T10:51:14+08:00 ] /member/account | NOTIC: [8] Undefined variable: cashout b6765b61342e000e33a165743a66e3d9.php 第 365 行.
[ 2017-04-24T10:51:14+08:00 ] /member/account | NOTIC: [8] Undefined variable: t b6765b61342e000e33a165743a66e3d9.php 第 375 行.
[ 2017-04-24T10:51:14+08:00 ] /member/account | NOTIC: [8] Undefined variable: m b6765b61342e000e33a165743a66e3d9.php 第 392 行.
[ 2017-04-24T10:51:14+08:00 ] /member/account | INFO: Run ParseTemplate Behavior [ RunTime:0.193160s ]
[ 2017-04-24T10:51:14+08:00 ] /member/account | INFO: Tag[ view_parse ] --END-- [ RunTime:0.193186s ]
[ 2017-04-24T10:51:14+08:00 ] /member/account | INFO: Tag[ view_filter ] --START--
[ 2017-04-24T10:51:14+08:00 ] /member/account | INFO: Run ContentReplace Behavior [ RunTime:0.000501s ]
[ 2017-04-24T10:51:14+08:00 ] /member/account | INFO: Run TokenBuild Behavior [ RunTime:0.000427s ]
[ 2017-04-24T10:51:14+08:00 ] /member/account | INFO: Run WriteHtmlCache Behavior [ RunTime:0.000291s ]
[ 2017-04-24T10:51:14+08:00 ] /member/account | INFO: Run ShowRuntime Behavior [ RunTime:0.000412s ]
[ 2017-04-24T10:51:14+08:00 ] /member/account | INFO: Tag[ view_filter ] --END-- [ RunTime:0.001730s ]
[ 2017-04-24T10:51:14+08:00 ] /member/account | INFO: Tag[ view_end ] --START--
[ 2017-04-24T10:51:14+08:00 ] /member/account | INFO: Run ShowPageTrace Behavior [ RunTime:0.001493s ]
[ 2017-04-24T10:51:14+08:00 ] /member/account | INFO: Tag[ view_end ] --END-- [ RunTime:0.001536s ]

