[ 2017-05-04T17:04:00+08:00 ] 127.0.0.1 /text/index1
[ 2017-05-04T17:04:00+08:00 ] /text/index1 | INFO: Tag[ route_check ] --START--
[ 2017-05-04T17:04:00+08:00 ] /text/index1 | INFO: Run CheckRoute Behavior [ RunTime:0.000644s ]
[ 2017-05-04T17:04:00+08:00 ] /text/index1 | INFO: Tag[ route_check ] --END-- [ RunTime:0.000747s ]
[ 2017-05-04T17:04:00+08:00 ] /text/index1 | NOTIC: [8192] preg_replace(): The /e modifier is deprecated, use preg_replace_callback instead Dispatcher.class.php 第 125 行.
[ 2017-05-04T17:04:00+08:00 ] /text/index1 | NOTIC: [8192] preg_replace(): The /e modifier is deprecated, use preg_replace_callback instead common.php 第 66 行.
[ 2017-05-04T17:04:00+08:00 ] /text/index1 | INFO: Tag[ app_begin ] --START--
[ 2017-05-04T17:04:00+08:00 ] /text/index1 | INFO: Run ReadHtmlCache Behavior [ RunTime:0.000486s ]
[ 2017-05-04T17:04:00+08:00 ] /text/index1 | INFO: Tag[ app_begin ] --END-- [ RunTime:0.000530s ]
[ 2017-05-04T17:04:00+08:00 ] /text/index1 | INFO: Tag[ view_template ] --START--
[ 2017-05-04T17:04:00+08:00 ] /text/index1 | INFO: Run LocationTemplate Behavior [ RunTime:0.000865s ]
[ 2017-05-04T17:04:00+08:00 ] /text/index1 | INFO: Tag[ view_template ] --END-- [ RunTime:0.000929s ]
[ 2017-05-04T17:04:00+08:00 ] /text/index1 | INFO: Tag[ view_parse ] --START--
[ 2017-05-04T17:04:00+08:00 ] /text/index1 | NOTIC: [8192] preg_replace(): The /e modifier is deprecated, use preg_replace_callback instead ThinkTemplate.class.php 第 186 行.
[ 2017-05-04T17:04:00+08:00 ] /text/index1 | NOTIC: [8192] preg_replace(): The /e modifier is deprecated, use preg_replace_callback instead ThinkTemplate.class.php 第 406 行.
[ 2017-05-04T17:04:00+08:00 ] /text/index1 | NOTIC: [8192] preg_replace(): The /e modifier is deprecated, use preg_replace_callback instead ThinkTemplate.class.php 第 406 行.
[ 2017-05-04T17:04:00+08:00 ] /text/index1 | NOTIC: [8192] preg_replace(): The /e modifier is deprecated, use preg_replace_callback instead ThinkTemplate.class.php 第 406 行.
[ 2017-05-04T17:04:00+08:00 ] /text/index1 | NOTIC: [8192] preg_replace(): The /e modifier is deprecated, use preg_replace_callback instead ThinkTemplate.class.php 第 406 行.
[ 2017-05-04T17:04:00+08:00 ] /text/index1 | NOTIC: [8192] preg_replace(): The /e modifier is deprecated, use preg_replace_callback instead ThinkTemplate.class.php 第 406 行.
[ 2017-05-04T17:04:00+08:00 ] /text/index1 | NOTIC: [8192] preg_replace(): The /e modifier is deprecated, use preg_replace_callback instead ThinkTemplate.class.php 第 406 行.
[ 2017-05-04T17:04:00+08:00 ] /text/index1 | NOTIC: [8192] preg_replace(): The /e modifier is deprecated, use preg_replace_callback instead ThinkTemplate.class.php 第 406 行.
[ 2017-05-04T17:04:00+08:00 ] /text/index1 | NOTIC: [8192] preg_replace(): The /e modifier is deprecated, use preg_replace_callback instead ThinkTemplate.class.php 第 406 行.
[ 2017-05-04T17:04:00+08:00 ] /text/index1 | NOTIC: [8192] preg_replace(): The /e modifier is deprecated, use preg_replace_callback instead ThinkTemplate.class.php 第 406 行.
[ 2017-05-04T17:04:00+08:00 ] /text/index1 | NOTIC: [8192] preg_replace(): The /e modifier is deprecated, use preg_replace_callback instead ThinkTemplate.class.php 第 402 行.
[ 2017-05-04T17:04:00+08:00 ] /text/index1 | NOTIC: [8192] preg_replace(): The /e modifier is deprecated, use preg_replace_callback instead ThinkTemplate.class.php 第 402 行.
[ 2017-05-04T17:04:00+08:00 ] /text/index1 | NOTIC: [8192] preg_replace(): The /e modifier is deprecated, use preg_replace_callback instead ThinkTemplate.class.php 第 406 行.
[ 2017-05-04T17:04:00+08:00 ] /text/index1 | NOTIC: [8192] preg_replace(): The /e modifier is deprecated, use preg_replace_callback instead ThinkTemplate.class.php 第 406 行.
[ 2017-05-04T17:04:00+08:00 ] /text/index1 | NOTIC: [8192] preg_replace(): The /e modifier is deprecated, use preg_replace_callback instead ThinkTemplate.class.php 第 406 行.
[ 2017-05-04T17:04:00+08:00 ] /text/index1 | NOTIC: [8192] preg_replace(): The /e modifier is deprecated, use preg_replace_callback instead ThinkTemplate.class.php 第 402 行.
[ 2017-05-04T17:04:00+08:00 ] /text/index1 | NOTIC: [8192] preg_replace(): The /e modifier is deprecated, use preg_replace_callback instead ThinkTemplate.class.php 第 406 行.
[ 2017-05-04T17:04:00+08:00 ] /text/index1 | NOTIC: [8192] preg_replace(): The /e modifier is deprecated, use preg_replace_callback instead ThinkTemplate.class.php 第 406 行.
[ 2017-05-04T17:04:00+08:00 ] /text/index1 | NOTIC: [8192] preg_replace(): The /e modifier is deprecated, use preg_replace_callback instead ThinkTemplate.class.php 第 406 行.
[ 2017-05-04T17:04:00+08:00 ] /text/index1 | NOTIC: [8192] preg_replace(): The /e modifier is deprecated, use preg_replace_callback instead ThinkTemplate.class.php 第 406 行.
[ 2017-05-04T17:04:00+08:00 ] /text/index1 | NOTIC: [8192] preg_replace(): The /e modifier is deprecated, use preg_replace_callback instead ThinkTemplate.class.php 第 406 行.
[ 2017-05-04T17:04:00+08:00 ] /text/index1 | NOTIC: [8192] preg_replace(): The /e modifier is deprecated, use preg_replace_callback instead ThinkTemplate.class.php 第 406 行.
[ 2017-05-04T17:04:00+08:00 ] /text/index1 | NOTIC: [8192] preg_replace(): The /e modifier is deprecated, use preg_replace_callback instead ThinkTemplate.class.php 第 406 行.
[ 2017-05-04T17:04:00+08:00 ] /text/index1 | NOTIC: [8192] preg_replace(): The /e modifier is deprecated, use preg_replace_callback instead ThinkTemplate.class.php 第 406 行.
[ 2017-05-04T17:04:00+08:00 ] /text/index1 | NOTIC: [8192] preg_replace(): The /e modifier is deprecated, use preg_replace_callback instead ThinkTemplate.class.php 第 406 行.
[ 2017-05-04T17:04:00+08:00 ] /text/index1 | NOTIC: [8192] preg_replace(): The /e modifier is deprecated, use preg_replace_callback instead ThinkTemplate.class.php 第 406 行.
[ 2017-05-04T17:04:00+08:00 ] /text/index1 | NOTIC: [8192] preg_replace(): The /e modifier is deprecated, use preg_replace_callback instead ThinkTemplate.class.php 第 406 行.
[ 2017-05-04T17:04:00+08:00 ] /text/index1 | NOTIC: [8192] preg_replace(): The /e modifier is deprecated, use preg_replace_callback instead ThinkTemplate.class.php 第 406 行.
[ 2017-05-04T17:04:00+08:00 ] /text/index1 | NOTIC: [8192] preg_replace(): The /e modifier is deprecated, use preg_replace_callback instead ThinkTemplate.class.php 第 406 行.
[ 2017-05-04T17:04:00+08:00 ] /text/index1 | NOTIC: [8192] preg_replace(): The /e modifier is deprecated, use preg_replace_callback instead ThinkTemplate.class.php 第 406 行.
[ 2017-05-04T17:04:00+08:00 ] /text/index1 | NOTIC: [8192] preg_replace(): The /e modifier is deprecated, use preg_replace_callback instead ThinkTemplate.class.php 第 406 行.
[ 2017-05-04T17:04:00+08:00 ] /text/index1 | NOTIC: [8192] preg_replace(): The /e modifier is deprecated, use preg_replace_callback instead ThinkTemplate.class.php 第 406 行.
[ 2017-05-04T17:04:00+08:00 ] /text/index1 | NOTIC: [8192] preg_replace(): The /e modifier is deprecated, use preg_replace_callback instead ThinkTemplate.class.php 第 406 行.
[ 2017-05-04T17:04:00+08:00 ] /text/index1 | NOTIC: [8192] preg_replace(): The /e modifier is deprecated, use preg_replace_callback instead ThinkTemplate.class.php 第 406 行.
[ 2017-05-04T17:04:00+08:00 ] /text/index1 | NOTIC: [8192] preg_replace(): The /e modifier is deprecated, use preg_replace_callback instead ThinkTemplate.class.php 第 406 行.
[ 2017-05-04T17:04:00+08:00 ] /text/index1 | NOTIC: [8192] preg_replace(): The /e modifier is deprecated, use preg_replace_callback instead ThinkTemplate.class.php 第 406 行.
[ 2017-05-04T17:04:00+08:00 ] /text/index1 | NOTIC: [8192] preg_replace(): The /e modifier is deprecated, use preg_replace_callback instead ThinkTemplate.class.php 第 406 行.
[ 2017-05-04T17:04:00+08:00 ] /text/index1 | NOTIC: [8192] preg_replace(): The /e modifier is deprecated, use preg_replace_callback instead ThinkTemplate.class.php 第 406 行.
[ 2017-05-04T17:04:00+08:00 ] /text/index1 | NOTIC: [8192] preg_replace(): The /e modifier is deprecated, use preg_replace_callback instead ThinkTemplate.class.php 第 406 行.
[ 2017-05-04T17:04:00+08:00 ] /text/index1 | NOTIC: [8192] preg_replace(): The /e modifier is deprecated, use preg_replace_callback instead ThinkTemplate.class.php 第 406 行.
[ 2017-05-04T17:04:00+08:00 ] /text/index1 | NOTIC: [8192] preg_replace(): The /e modifier is deprecated, use preg_replace_callback instead ThinkTemplate.class.php 第 406 行.
[ 2017-05-04T17:04:00+08:00 ] /text/index1 | NOTIC: [8192] preg_replace(): The /e modifier is deprecated, use preg_replace_callback instead ThinkTemplate.class.php 第 406 行.
[ 2017-05-04T17:04:00+08:00 ] /text/index1 | NOTIC: [8192] preg_replace(): The /e modifier is deprecated, use preg_replace_callback instead ThinkTemplate.class.php 第 406 行.
[ 2017-05-04T17:04:00+08:00 ] /text/index1 | NOTIC: [8192] preg_replace(): The /e modifier is deprecated, use preg_replace_callback instead ThinkTemplate.class.php 第 406 行.
[ 2017-05-04T17:04:00+08:00 ] /text/index1 | NOTIC: [8192] preg_replace(): The /e modifier is deprecated, use preg_replace_callback instead ThinkTemplate.class.php 第 406 行.
[ 2017-05-04T17:04:00+08:00 ] /text/index1 | NOTIC: [8192] preg_replace(): The /e modifier is deprecated, use preg_replace_callback instead ThinkTemplate.class.php 第 406 行.
[ 2017-05-04T17:04:00+08:00 ] /text/index1 | NOTIC: [8192] preg_replace(): The /e modifier is deprecated, use preg_replace_callback instead ThinkTemplate.class.php 第 406 行.
[ 2017-05-04T17:04:00+08:00 ] /text/index1 | NOTIC: [8192] preg_replace(): The /e modifier is deprecated, use preg_replace_callback instead ThinkTemplate.class.php 第 406 行.
[ 2017-05-04T17:04:00+08:00 ] /text/index1 | NOTIC: [8192] preg_replace(): The /e modifier is deprecated, use preg_replace_callback instead ThinkTemplate.class.php 第 406 行.
[ 2017-05-04T17:04:00+08:00 ] /text/index1 | NOTIC: [8192] preg_replace(): The /e modifier is deprecated, use preg_replace_callback instead ThinkTemplate.class.php 第 406 行.
[ 2017-05-04T17:04:00+08:00 ] /text/index1 | NOTIC: [8192] preg_replace(): The /e modifier is deprecated, use preg_replace_callback instead ThinkTemplate.class.php 第 406 行.
[ 2017-05-04T17:04:00+08:00 ] /text/index1 | NOTIC: [8192] preg_replace(): The /e modifier is deprecated, use preg_replace_callback instead ThinkTemplate.class.php 第 406 行.
[ 2017-05-04T17:04:00+08:00 ] /text/index1 | NOTIC: [8192] preg_replace(): The /e modifier is deprecated, use preg_replace_callback instead ThinkTemplate.class.php 第 406 行.
[ 2017-05-04T17:04:00+08:00 ] /text/index1 | NOTIC: [8192] preg_replace(): The /e modifier is deprecated, use preg_replace_callback instead ThinkTemplate.class.php 第 406 行.
[ 2017-05-04T17:04:00+08:00 ] /text/index1 | NOTIC: [8192] preg_replace(): The /e modifier is deprecated, use preg_replace_callback instead ThinkTemplate.class.php 第 406 行.
[ 2017-05-04T17:04:00+08:00 ] /text/index1 | NOTIC: [8192] preg_replace(): The /e modifier is deprecated, use preg_replace_callback instead ThinkTemplate.class.php 第 406 行.
[ 2017-05-04T17:04:00+08:00 ] /text/index1 | NOTIC: [8192] preg_replace(): The /e modifier is deprecated, use preg_replace_callback instead ThinkTemplate.class.php 第 406 行.
[ 2017-05-04T17:04:00+08:00 ] /text/index1 | NOTIC: [8192] preg_replace(): The /e modifier is deprecated, use preg_replace_callback instead ThinkTemplate.class.php 第 406 行.
[ 2017-05-04T17:04:00+08:00 ] /text/index1 | NOTIC: [8192] preg_replace(): The /e modifier is deprecated, use preg_replace_callback instead ThinkTemplate.class.php 第 406 行.
[ 2017-05-04T17:04:00+08:00 ] /text/index1 | NOTIC: [8192] preg_replace(): The /e modifier is deprecated, use preg_replace_callback instead ThinkTemplate.class.php 第 406 行.
[ 2017-05-04T17:04:00+08:00 ] /text/index1 | NOTIC: [8192] preg_replace(): The /e modifier is deprecated, use preg_replace_callback instead ThinkTemplate.class.php 第 406 行.
[ 2017-05-04T17:04:00+08:00 ] /text/index1 | NOTIC: [8192] preg_replace(): The /e modifier is deprecated, use preg_replace_callback instead ThinkTemplate.class.php 第 406 行.
[ 2017-05-04T17:04:00+08:00 ] /text/index1 | NOTIC: [8192] preg_replace(): The /e modifier is deprecated, use preg_replace_callback instead ThinkTemplate.class.php 第 406 行.
[ 2017-05-04T17:04:00+08:00 ] /text/index1 | NOTIC: [8192] preg_replace(): The /e modifier is deprecated, use preg_replace_callback instead ThinkTemplate.class.php 第 406 行.
[ 2017-05-04T17:04:00+08:00 ] /text/index1 | NOTIC: [8192] preg_replace(): The /e modifier is deprecated, use preg_replace_callback instead ThinkTemplate.class.php 第 406 行.
[ 2017-05-04T17:04:00+08:00 ] /text/index1 | NOTIC: [8192] preg_replace(): The /e modifier is deprecated, use preg_replace_callback instead ThinkTemplate.class.php 第 406 行.
[ 2017-05-04T17:04:00+08:00 ] /text/index1 | NOTIC: [8192] preg_replace(): The /e modifier is deprecated, use preg_replace_callback instead ThinkTemplate.class.php 第 406 行.
[ 2017-05-04T17:04:00+08:00 ] /text/index1 | NOTIC: [8192] preg_replace(): The /e modifier is deprecated, use preg_replace_callback instead ThinkTemplate.class.php 第 406 行.
[ 2017-05-04T17:04:00+08:00 ] /text/index1 | NOTIC: [8192] preg_replace(): The /e modifier is deprecated, use preg_replace_callback instead ThinkTemplate.class.php 第 406 行.
[ 2017-05-04T17:04:00+08:00 ] /text/index1 | NOTIC: [8192] preg_replace(): The /e modifier is deprecated, use preg_replace_callback instead ThinkTemplate.class.php 第 406 行.
[ 2017-05-04T17:04:00+08:00 ] /text/index1 | NOTIC: [8192] preg_replace(): The /e modifier is deprecated, use preg_replace_callback instead ThinkTemplate.class.php 第 406 行.
[ 2017-05-04T17:04:00+08:00 ] /text/index1 | NOTIC: [8192] preg_replace(): The /e modifier is deprecated, use preg_replace_callback instead ThinkTemplate.class.php 第 406 行.
[ 2017-05-04T17:04:00+08:00 ] /text/index1 | NOTIC: [8192] preg_replace(): The /e modifier is deprecated, use preg_replace_callback instead ThinkTemplate.class.php 第 406 行.
[ 2017-05-04T17:04:00+08:00 ] /text/index1 | NOTIC: [8192] preg_replace(): The /e modifier is deprecated, use preg_replace_callback instead ThinkTemplate.class.php 第 406 行.
[ 2017-05-04T17:04:00+08:00 ] /text/index1 | NOTIC: [8192] preg_replace(): The /e modifier is deprecated, use preg_replace_callback instead ThinkTemplate.class.php 第 406 行.
[ 2017-05-04T17:04:00+08:00 ] /text/index1 | NOTIC: [8192] preg_replace(): The /e modifier is deprecated, use preg_replace_callback instead ThinkTemplate.class.php 第 406 行.
[ 2017-05-04T17:04:00+08:00 ] /text/index1 | NOTIC: [8192] preg_replace(): The /e modifier is deprecated, use preg_replace_callback instead ThinkTemplate.class.php 第 406 行.
[ 2017-05-04T17:04:00+08:00 ] /text/index1 | NOTIC: [8192] preg_replace(): The /e modifier is deprecated, use preg_replace_callback instead ThinkTemplate.class.php 第 406 行.
[ 2017-05-04T17:04:00+08:00 ] /text/index1 | NOTIC: [8192] preg_replace(): The /e modifier is deprecated, use preg_replace_callback instead ThinkTemplate.class.php 第 406 行.
[ 2017-05-04T17:04:00+08:00 ] /text/index1 | NOTIC: [8192] preg_replace(): The /e modifier is deprecated, use preg_replace_callback instead ThinkTemplate.class.php 第 406 行.
[ 2017-05-04T17:04:00+08:00 ] /text/index1 | NOTIC: [8192] preg_replace(): The /e modifier is deprecated, use preg_replace_callback instead ThinkTemplate.class.php 第 406 行.
[ 2017-05-04T17:04:00+08:00 ] /text/index1 | NOTIC: [8192] preg_replace(): The /e modifier is deprecated, use preg_replace_callback instead ThinkTemplate.class.php 第 406 行.
[ 2017-05-04T17:04:00+08:00 ] /text/index1 | NOTIC: [8192] preg_replace(): The /e modifier is deprecated, use preg_replace_callback instead ThinkTemplate.class.php 第 402 行.
[ 2017-05-04T17:04:00+08:00 ] /text/index1 | NOTIC: [8192] preg_replace(): The /e modifier is deprecated, use preg_replace_callback instead ThinkTemplate.class.php 第 402 行.
[ 2017-05-04T17:04:00+08:00 ] /text/index1 | NOTIC: [8192] preg_replace(): The /e modifier is deprecated, use preg_replace_callback instead ThinkTemplate.class.php 第 402 行.
[ 2017-05-04T17:04:00+08:00 ] /text/index1 | NOTIC: [8192] preg_replace(): The /e modifier is deprecated, use preg_replace_callback instead ThinkTemplate.class.php 第 402 行.
[ 2017-05-04T17:04:00+08:00 ] /text/index1 | NOTIC: [8192] preg_replace(): The /e modifier is deprecated, use preg_replace_callback instead ThinkTemplate.class.php 第 402 行.
[ 2017-05-04T17:04:00+08:00 ] /text/index1 | NOTIC: [8192] preg_replace(): The /e modifier is deprecated, use preg_replace_callback instead ThinkTemplate.class.php 第 402 行.
[ 2017-05-04T17:04:00+08:00 ] /text/index1 | NOTIC: [8192] preg_replace(): The /e modifier is deprecated, use preg_replace_callback instead ThinkTemplate.class.php 第 406 行.
[ 2017-05-04T17:04:00+08:00 ] /text/index1 | NOTIC: [8192] preg_replace(): The /e modifier is deprecated, use preg_replace_callback instead ThinkTemplate.class.php 第 406 行.
[ 2017-05-04T17:04:00+08:00 ] /text/index1 | NOTIC: [8192] preg_replace(): The /e modifier is deprecated, use preg_replace_callback instead ThinkTemplate.class.php 第 406 行.
[ 2017-05-04T17:04:00+08:00 ] /text/index1 | NOTIC: [8192] preg_replace(): The /e modifier is deprecated, use preg_replace_callback instead ThinkTemplate.class.php 第 220 行.
[ 2017-05-04T17:04:00+08:00 ] /text/index1 | NOTIC: [8192] preg_replace(): The /e modifier is deprecated, use preg_replace_callback instead ThinkTemplate.class.php 第 154 行.
[ 2017-05-04T17:04:00+08:00 ] /text/index1 | NOTIC: [8] Undefined variable: pageseo 6bc9494a3d3fbb30173cab90e246fabb.php 第 8 行.
[ 2017-05-04T17:04:00+08:00 ] /text/index1 | NOTIC: [8] Undefined variable: pageseo 6bc9494a3d3fbb30173cab90e246fabb.php 第 9 行.
[ 2017-05-04T17:04:00+08:00 ] /text/index1 | NOTIC: [8] Undefined variable: pageseo 6bc9494a3d3fbb30173cab90e246fabb.php 第 10 行.
[ 2017-05-04T17:04:00+08:00 ] /text/index1 | INFO: Run ParseTemplate Behavior [ RunTime:0.071930s ]
[ 2017-05-04T17:04:00+08:00 ] /text/index1 | INFO: Tag[ view_parse ] --END-- [ RunTime:0.071964s ]
[ 2017-05-04T17:04:00+08:00 ] /text/index1 | INFO: Tag[ view_filter ] --START--
[ 2017-05-04T17:04:00+08:00 ] /text/index1 | INFO: Run ContentReplace Behavior [ RunTime:0.000490s ]
[ 2017-05-04T17:04:00+08:00 ] /text/index1 | INFO: Run TokenBuild Behavior [ RunTime:0.000493s ]
[ 2017-05-04T17:04:00+08:00 ] /text/index1 | INFO: Run WriteHtmlCache Behavior [ RunTime:0.000261s ]
[ 2017-05-04T17:04:00+08:00 ] /text/index1 | INFO: Run ShowRuntime Behavior [ RunTime:0.000334s ]
[ 2017-05-04T17:04:00+08:00 ] /text/index1 | INFO: Tag[ view_filter ] --END-- [ RunTime:0.001659s ]
[ 2017-05-04T17:04:00+08:00 ] /text/index1 | NOTIC: [2] Cannot modify header information - headers already sent by (output started at E:\project\www.dhgj.com\www\Lib\Action\TextAction.class.php:55) View.class.php 第 120 行.
[ 2017-05-04T17:04:00+08:00 ] /text/index1 | NOTIC: [2] Cannot modify header information - headers already sent by (output started at E:\project\www.dhgj.com\www\Lib\Action\TextAction.class.php:55) View.class.php 第 121 行.
[ 2017-05-04T17:04:00+08:00 ] /text/index1 | INFO: Tag[ view_end ] --START--
[ 2017-05-04T17:04:00+08:00 ] /text/index1 | INFO: Run ShowPageTrace Behavior [ RunTime:0.001620s ]
[ 2017-05-04T17:04:00+08:00 ] /text/index1 | INFO: Tag[ view_end ] --END-- [ RunTime:0.001652s ]

[ 2017-05-04T17:29:09+08:00 ] 127.0.0.1 /order/my_order_list
[ 2017-05-04T17:29:09+08:00 ] /order/my_order_list | INFO: Tag[ route_check ] --START--
[ 2017-05-04T17:29:09+08:00 ] /order/my_order_list | INFO: Run CheckRoute Behavior [ RunTime:0.001064s ]
[ 2017-05-04T17:29:09+08:00 ] /order/my_order_list | INFO: Tag[ route_check ] --END-- [ RunTime:0.001317s ]
[ 2017-05-04T17:29:09+08:00 ] /order/my_order_list | NOTIC: [8192] preg_replace(): The /e modifier is deprecated, use preg_replace_callback instead Dispatcher.class.php 第 125 行.
[ 2017-05-04T17:29:09+08:00 ] /order/my_order_list | NOTIC: [8192] preg_replace(): The /e modifier is deprecated, use preg_replace_callback instead common.php 第 66 行.
[ 2017-05-04T17:29:09+08:00 ] /order/my_order_list | INFO: Tag[ app_begin ] --START--
[ 2017-05-04T17:29:09+08:00 ] /order/my_order_list | INFO: Run ReadHtmlCache Behavior [ RunTime:0.000375s ]
[ 2017-05-04T17:29:09+08:00 ] /order/my_order_list | INFO: Tag[ app_begin ] --END-- [ RunTime:0.000405s ]

[ 2017-05-04T17:29:10+08:00 ] 127.0.0.1 /member/login?redirecturl=%2Forder%2Fmy_order_list
[ 2017-05-04T17:29:10+08:00 ] /member/login?redirecturl=%2Forder%2Fmy_order_list | INFO: Tag[ route_check ] --START--
[ 2017-05-04T17:29:10+08:00 ] /member/login?redirecturl=%2Forder%2Fmy_order_list | INFO: Run CheckRoute Behavior [ RunTime:0.000330s ]
[ 2017-05-04T17:29:10+08:00 ] /member/login?redirecturl=%2Forder%2Fmy_order_list | INFO: Tag[ route_check ] --END-- [ RunTime:0.000386s ]
[ 2017-05-04T17:29:10+08:00 ] /member/login?redirecturl=%2Forder%2Fmy_order_list | NOTIC: [8192] preg_replace(): The /e modifier is deprecated, use preg_replace_callback instead Dispatcher.class.php 第 125 行.
[ 2017-05-04T17:29:10+08:00 ] /member/login?redirecturl=%2Forder%2Fmy_order_list | NOTIC: [8192] preg_replace(): The /e modifier is deprecated, use preg_replace_callback instead common.php 第 66 行.
[ 2017-05-04T17:29:10+08:00 ] /member/login?redirecturl=%2Forder%2Fmy_order_list | INFO: Tag[ app_begin ] --START--
[ 2017-05-04T17:29:10+08:00 ] /member/login?redirecturl=%2Forder%2Fmy_order_list | INFO: Run ReadHtmlCache Behavior [ RunTime:0.000254s ]
[ 2017-05-04T17:29:10+08:00 ] /member/login?redirecturl=%2Forder%2Fmy_order_list | INFO: Tag[ app_begin ] --END-- [ RunTime:0.000277s ]
[ 2017-05-04T17:29:10+08:00 ] /member/login?redirecturl=%2Forder%2Fmy_order_list | NOTIC: [8] Undefined variable: log_res MemberAction.class.php 第 100 行.
[ 2017-05-04T17:29:10+08:00 ] /member/login?redirecturl=%2Forder%2Fmy_order_list | INFO: Tag[ view_template ] --START--
[ 2017-05-04T17:29:10+08:00 ] /member/login?redirecturl=%2Forder%2Fmy_order_list | INFO: Run LocationTemplate Behavior [ RunTime:0.000598s ]
[ 2017-05-04T17:29:10+08:00 ] /member/login?redirecturl=%2Forder%2Fmy_order_list | INFO: Tag[ view_template ] --END-- [ RunTime:0.000649s ]
[ 2017-05-04T17:29:10+08:00 ] /member/login?redirecturl=%2Forder%2Fmy_order_list | INFO: Tag[ view_parse ] --START--
[ 2017-05-04T17:29:10+08:00 ] /member/login?redirecturl=%2Forder%2Fmy_order_list | NOTIC: [8192] preg_replace(): The /e modifier is deprecated, use preg_replace_callback instead ThinkTemplate.class.php 第 186 行.
[ 2017-05-04T17:29:10+08:00 ] /member/login?redirecturl=%2Forder%2Fmy_order_list | NOTIC: [8192] preg_replace(): The /e modifier is deprecated, use preg_replace_callback instead ThinkTemplate.class.php 第 406 行.
[ 2017-05-04T17:29:10+08:00 ] /member/login?redirecturl=%2Forder%2Fmy_order_list | NOTIC: [8192] preg_replace(): The /e modifier is deprecated, use preg_replace_callback instead ThinkTemplate.class.php 第 406 行.
[ 2017-05-04T17:29:10+08:00 ] /member/login?redirecturl=%2Forder%2Fmy_order_list | NOTIC: [8192] preg_replace(): The /e modifier is deprecated, use preg_replace_callback instead ThinkTemplate.class.php 第 406 行.
[ 2017-05-04T17:29:10+08:00 ] /member/login?redirecturl=%2Forder%2Fmy_order_list | NOTIC: [8192] preg_replace(): The /e modifier is deprecated, use preg_replace_callback instead ThinkTemplate.class.php 第 406 行.
[ 2017-05-04T17:29:10+08:00 ] /member/login?redirecturl=%2Forder%2Fmy_order_list | NOTIC: [8192] preg_replace(): The /e modifier is deprecated, use preg_replace_callback instead ThinkTemplate.class.php 第 406 行.
[ 2017-05-04T17:29:10+08:00 ] /member/login?redirecturl=%2Forder%2Fmy_order_list | NOTIC: [8192] preg_replace(): The /e modifier is deprecated, use preg_replace_callback instead ThinkTemplate.class.php 第 406 行.
[ 2017-05-04T17:29:10+08:00 ] /member/login?redirecturl=%2Forder%2Fmy_order_list | NOTIC: [8192] preg_replace(): The /e modifier is deprecated, use preg_replace_callback instead ThinkTemplate.class.php 第 406 行.
[ 2017-05-04T17:29:10+08:00 ] /member/login?redirecturl=%2Forder%2Fmy_order_list | NOTIC: [8192] preg_replace(): The /e modifier is deprecated, use preg_replace_callback instead ThinkTemplate.class.php 第 406 行.
[ 2017-05-04T17:29:10+08:00 ] /member/login?redirecturl=%2Forder%2Fmy_order_list | NOTIC: [8192] preg_replace(): The /e modifier is deprecated, use preg_replace_callback instead ThinkTemplate.class.php 第 406 行.
[ 2017-05-04T17:29:10+08:00 ] /member/login?redirecturl=%2Forder%2Fmy_order_list | NOTIC: [8192] preg_replace(): The /e modifier is deprecated, use preg_replace_callback instead ThinkTemplate.class.php 第 402 行.
[ 2017-05-04T17:29:10+08:00 ] /member/login?redirecturl=%2Forder%2Fmy_order_list | NOTIC: [8192] preg_replace(): The /e modifier is deprecated, use preg_replace_callback instead ThinkTemplate.class.php 第 402 行.
[ 2017-05-04T17:29:10+08:00 ] /member/login?redirecturl=%2Forder%2Fmy_order_list | NOTIC: [8192] preg_replace(): The /e modifier is deprecated, use preg_replace_callback instead ThinkTemplate.class.php 第 406 行.
[ 2017-05-04T17:29:10+08:00 ] /member/login?redirecturl=%2Forder%2Fmy_order_list | NOTIC: [8192] preg_replace(): The /e modifier is deprecated, use preg_replace_callback instead ThinkTemplate.class.php 第 406 行.
[ 2017-05-04T17:29:10+08:00 ] /member/login?redirecturl=%2Forder%2Fmy_order_list | NOTIC: [8192] preg_replace(): The /e modifier is deprecated, use preg_replace_callback instead ThinkTemplate.class.php 第 406 行.
[ 2017-05-04T17:29:10+08:00 ] /member/login?redirecturl=%2Forder%2Fmy_order_list | NOTIC: [8192] preg_replace(): The /e modifier is deprecated, use preg_replace_callback instead ThinkTemplate.class.php 第 402 行.
[ 2017-05-04T17:29:10+08:00 ] /member/login?redirecturl=%2Forder%2Fmy_order_list | NOTIC: [8192] preg_replace(): The /e modifier is deprecated, use preg_replace_callback instead ThinkTemplate.class.php 第 406 行.
[ 2017-05-04T17:29:10+08:00 ] /member/login?redirecturl=%2Forder%2Fmy_order_list | NOTIC: [8192] preg_replace(): The /e modifier is deprecated, use preg_replace_callback instead ThinkTemplate.class.php 第 406 行.
[ 2017-05-04T17:29:10+08:00 ] /member/login?redirecturl=%2Forder%2Fmy_order_list | NOTIC: [8192] preg_replace(): The /e modifier is deprecated, use preg_replace_callback instead ThinkTemplate.class.php 第 406 行.
[ 2017-05-04T17:29:10+08:00 ] /member/login?redirecturl=%2Forder%2Fmy_order_list | NOTIC: [8192] preg_replace(): The /e modifier is deprecated, use preg_replace_callback instead ThinkTemplate.class.php 第 406 行.
[ 2017-05-04T17:29:10+08:00 ] /member/login?redirecturl=%2Forder%2Fmy_order_list | NOTIC: [8192] preg_replace(): The /e modifier is deprecated, use preg_replace_callback instead ThinkTemplate.class.php 第 406 行.
[ 2017-05-04T17:29:10+08:00 ] /member/login?redirecturl=%2Forder%2Fmy_order_list | NOTIC: [8192] preg_replace(): The /e modifier is deprecated, use preg_replace_callback instead ThinkTemplate.class.php 第 406 行.
[ 2017-05-04T17:29:10+08:00 ] /member/login?redirecturl=%2Forder%2Fmy_order_list | NOTIC: [8192] preg_replace(): The /e modifier is deprecated, use preg_replace_callback instead ThinkTemplate.class.php 第 406 行.
[ 2017-05-04T17:29:10+08:00 ] /member/login?redirecturl=%2Forder%2Fmy_order_list | NOTIC: [8192] preg_replace(): The /e modifier is deprecated, use preg_replace_callback instead ThinkTemplate.class.php 第 406 行.
[ 2017-05-04T17:29:10+08:00 ] /member/login?redirecturl=%2Forder%2Fmy_order_list | NOTIC: [8192] preg_replace(): The /e modifier is deprecated, use preg_replace_callback instead ThinkTemplate.class.php 第 406 行.
[ 2017-05-04T17:29:10+08:00 ] /member/login?redirecturl=%2Forder%2Fmy_order_list | NOTIC: [8192] preg_replace(): The /e modifier is deprecated, use preg_replace_callback instead ThinkTemplate.class.php 第 406 行.
[ 2017-05-04T17:29:10+08:00 ] /member/login?redirecturl=%2Forder%2Fmy_order_list | NOTIC: [8192] preg_replace(): The /e modifier is deprecated, use preg_replace_callback instead ThinkTemplate.class.php 第 406 行.
[ 2017-05-04T17:29:10+08:00 ] /member/login?redirecturl=%2Forder%2Fmy_order_list | NOTIC: [8192] preg_replace(): The /e modifier is deprecated, use preg_replace_callback instead ThinkTemplate.class.php 第 406 行.
[ 2017-05-04T17:29:10+08:00 ] /member/login?redirecturl=%2Forder%2Fmy_order_list | NOTIC: [8192] preg_replace(): The /e modifier is deprecated, use preg_replace_callback instead ThinkTemplate.class.php 第 406 行.
[ 2017-05-04T17:29:10+08:00 ] /member/login?redirecturl=%2Forder%2Fmy_order_list | NOTIC: [8192] preg_replace(): The /e modifier is deprecated, use preg_replace_callback instead ThinkTemplate.class.php 第 406 行.
[ 2017-05-04T17:29:10+08:00 ] /member/login?redirecturl=%2Forder%2Fmy_order_list | NOTIC: [8192] preg_replace(): The /e modifier is deprecated, use preg_replace_callback instead ThinkTemplate.class.php 第 406 行.
[ 2017-05-04T17:29:10+08:00 ] /member/login?redirecturl=%2Forder%2Fmy_order_list | NOTIC: [8192] preg_replace(): The /e modifier is deprecated, use preg_replace_callback instead ThinkTemplate.class.php 第 406 行.
[ 2017-05-04T17:29:10+08:00 ] /member/login?redirecturl=%2Forder%2Fmy_order_list | NOTIC: [8192] preg_replace(): The /e modifier is deprecated, use preg_replace_callback instead ThinkTemplate.class.php 第 406 行.
[ 2017-05-04T17:29:10+08:00 ] /member/login?redirecturl=%2Forder%2Fmy_order_list | NOTIC: [8192] preg_replace(): The /e modifier is deprecated, use preg_replace_callback instead ThinkTemplate.class.php 第 406 行.
[ 2017-05-04T17:29:10+08:00 ] /member/login?redirecturl=%2Forder%2Fmy_order_list | NOTIC: [8192] preg_replace(): The /e modifier is deprecated, use preg_replace_callback instead ThinkTemplate.class.php 第 406 行.
[ 2017-05-04T17:29:10+08:00 ] /member/login?redirecturl=%2Forder%2Fmy_order_list | NOTIC: [8192] preg_replace(): The /e modifier is deprecated, use preg_replace_callback instead ThinkTemplate.class.php 第 406 行.
[ 2017-05-04T17:29:10+08:00 ] /member/login?redirecturl=%2Forder%2Fmy_order_list | NOTIC: [8192] preg_replace(): The /e modifier is deprecated, use preg_replace_callback instead ThinkTemplate.class.php 第 406 行.
[ 2017-05-04T17:29:10+08:00 ] /member/login?redirecturl=%2Forder%2Fmy_order_list | NOTIC: [8192] preg_replace(): The /e modifier is deprecated, use preg_replace_callback instead ThinkTemplate.class.php 第 406 行.
[ 2017-05-04T17:29:10+08:00 ] /member/login?redirecturl=%2Forder%2Fmy_order_list | NOTIC: [8192] preg_replace(): The /e modifier is deprecated, use preg_replace_callback instead ThinkTemplate.class.php 第 406 行.
[ 2017-05-04T17:29:10+08:00 ] /member/login?redirecturl=%2Forder%2Fmy_order_list | NOTIC: [8192] preg_replace(): The /e modifier is deprecated, use preg_replace_callback instead ThinkTemplate.class.php 第 406 行.
[ 2017-05-04T17:29:10+08:00 ] /member/login?redirecturl=%2Forder%2Fmy_order_list | NOTIC: [8192] preg_replace(): The /e modifier is deprecated, use preg_replace_callback instead ThinkTemplate.class.php 第 406 行.
[ 2017-05-04T17:29:10+08:00 ] /member/login?redirecturl=%2Forder%2Fmy_order_list | NOTIC: [8192] preg_replace(): The /e modifier is deprecated, use preg_replace_callback instead ThinkTemplate.class.php 第 406 行.
[ 2017-05-04T17:29:10+08:00 ] /member/login?redirecturl=%2Forder%2Fmy_order_list | NOTIC: [8192] preg_replace(): The /e modifier is deprecated, use preg_replace_callback instead ThinkTemplate.class.php 第 406 行.
[ 2017-05-04T17:29:10+08:00 ] /member/login?redirecturl=%2Forder%2Fmy_order_list | NOTIC: [8192] preg_replace(): The /e modifier is deprecated, use preg_replace_callback instead ThinkTemplate.class.php 第 406 行.
[ 2017-05-04T17:29:10+08:00 ] /member/login?redirecturl=%2Forder%2Fmy_order_list | NOTIC: [8192] preg_replace(): The /e modifier is deprecated, use preg_replace_callback instead ThinkTemplate.class.php 第 406 行.
[ 2017-05-04T17:29:10+08:00 ] /member/login?redirecturl=%2Forder%2Fmy_order_list | NOTIC: [8192] preg_replace(): The /e modifier is deprecated, use preg_replace_callback instead ThinkTemplate.class.php 第 406 行.
[ 2017-05-04T17:29:10+08:00 ] /member/login?redirecturl=%2Forder%2Fmy_order_list | NOTIC: [8192] preg_replace(): The /e modifier is deprecated, use preg_replace_callback instead ThinkTemplate.class.php 第 406 行.
[ 2017-05-04T17:29:10+08:00 ] /member/login?redirecturl=%2Forder%2Fmy_order_list | NOTIC: [8192] preg_replace(): The /e modifier is deprecated, use preg_replace_callback instead ThinkTemplate.class.php 第 406 行.
[ 2017-05-04T17:29:10+08:00 ] /member/login?redirecturl=%2Forder%2Fmy_order_list | NOTIC: [8192] preg_replace(): The /e modifier is deprecated, use preg_replace_callback instead ThinkTemplate.class.php 第 406 行.
[ 2017-05-04T17:29:10+08:00 ] /member/login?redirecturl=%2Forder%2Fmy_order_list | NOTIC: [8192] preg_replace(): The /e modifier is deprecated, use preg_replace_callback instead ThinkTemplate.class.php 第 406 行.
[ 2017-05-04T17:29:10+08:00 ] /member/login?redirecturl=%2Forder%2Fmy_order_list | NOTIC: [8192] preg_replace(): The /e modifier is deprecated, use preg_replace_callback instead ThinkTemplate.class.php 第 406 行.
[ 2017-05-04T17:29:10+08:00 ] /member/login?redirecturl=%2Forder%2Fmy_order_list | NOTIC: [8192] preg_replace(): The /e modifier is deprecated, use preg_replace_callback instead ThinkTemplate.class.php 第 406 行.
[ 2017-05-04T17:29:10+08:00 ] /member/login?redirecturl=%2Forder%2Fmy_order_list | NOTIC: [8192] preg_replace(): The /e modifier is deprecated, use preg_replace_callback instead ThinkTemplate.class.php 第 406 行.
[ 2017-05-04T17:29:10+08:00 ] /member/login?redirecturl=%2Forder%2Fmy_order_list | NOTIC: [8192] preg_replace(): The /e modifier is deprecated, use preg_replace_callback instead ThinkTemplate.class.php 第 406 行.
[ 2017-05-04T17:29:10+08:00 ] /member/login?redirecturl=%2Forder%2Fmy_order_list | NOTIC: [8192] preg_replace(): The /e modifier is deprecated, use preg_replace_callback instead ThinkTemplate.class.php 第 406 行.
[ 2017-05-04T17:29:10+08:00 ] /member/login?redirecturl=%2Forder%2Fmy_order_list | NOTIC: [8192] preg_replace(): The /e modifier is deprecated, use preg_replace_callback instead ThinkTemplate.class.php 第 406 行.
[ 2017-05-04T17:29:10+08:00 ] /member/login?redirecturl=%2Forder%2Fmy_order_list | NOTIC: [8192] preg_replace(): The /e modifier is deprecated, use preg_replace_callback instead ThinkTemplate.class.php 第 406 行.
[ 2017-05-04T17:29:10+08:00 ] /member/login?redirecturl=%2Forder%2Fmy_order_list | NOTIC: [8192] preg_replace(): The /e modifier is deprecated, use preg_replace_callback instead ThinkTemplate.class.php 第 406 行.
[ 2017-05-04T17:29:10+08:00 ] /member/login?redirecturl=%2Forder%2Fmy_order_list | NOTIC: [8192] preg_replace(): The /e modifier is deprecated, use preg_replace_callback instead ThinkTemplate.class.php 第 406 行.
[ 2017-05-04T17:29:10+08:00 ] /member/login?redirecturl=%2Forder%2Fmy_order_list | NOTIC: [8192] preg_replace(): The /e modifier is deprecated, use preg_replace_callback instead ThinkTemplate.class.php 第 406 行.
[ 2017-05-04T17:29:10+08:00 ] /member/login?redirecturl=%2Forder%2Fmy_order_list | NOTIC: [8192] preg_replace(): The /e modifier is deprecated, use preg_replace_callback instead ThinkTemplate.class.php 第 406 行.
[ 2017-05-04T17:29:10+08:00 ] /member/login?redirecturl=%2Forder%2Fmy_order_list | NOTIC: [8192] preg_replace(): The /e modifier is deprecated, use preg_replace_callback instead ThinkTemplate.class.php 第 406 行.
[ 2017-05-04T17:29:10+08:00 ] /member/login?redirecturl=%2Forder%2Fmy_order_list | NOTIC: [8192] preg_replace(): The /e modifier is deprecated, use preg_replace_callback instead ThinkTemplate.class.php 第 406 行.
[ 2017-05-04T17:29:10+08:00 ] /member/login?redirecturl=%2Forder%2Fmy_order_list | NOTIC: [8192] preg_replace(): The /e modifier is deprecated, use preg_replace_callback instead ThinkTemplate.class.php 第 406 行.
[ 2017-05-04T17:29:10+08:00 ] /member/login?redirecturl=%2Forder%2Fmy_order_list | NOTIC: [8192] preg_replace(): The /e modifier is deprecated, use preg_replace_callback instead ThinkTemplate.class.php 第 406 行.
[ 2017-05-04T17:29:10+08:00 ] /member/login?redirecturl=%2Forder%2Fmy_order_list | NOTIC: [8192] preg_replace(): The /e modifier is deprecated, use preg_replace_callback instead ThinkTemplate.class.php 第 406 行.
[ 2017-05-04T17:29:10+08:00 ] /member/login?redirecturl=%2Forder%2Fmy_order_list | NOTIC: [8192] preg_replace(): The /e modifier is deprecated, use preg_replace_callback instead ThinkTemplate.class.php 第 406 行.
[ 2017-05-04T17:29:10+08:00 ] /member/login?redirecturl=%2Forder%2Fmy_order_list | NOTIC: [8192] preg_replace(): The /e modifier is deprecated, use preg_replace_callback instead ThinkTemplate.class.php 第 406 行.
[ 2017-05-04T17:29:10+08:00 ] /member/login?redirecturl=%2Forder%2Fmy_order_list | NOTIC: [8192] preg_replace(): The /e modifier is deprecated, use preg_replace_callback instead ThinkTemplate.class.php 第 406 行.
[ 2017-05-04T17:29:10+08:00 ] /member/login?redirecturl=%2Forder%2Fmy_order_list | NOTIC: [8192] preg_replace(): The /e modifier is deprecated, use preg_replace_callback instead ThinkTemplate.class.php 第 406 行.
[ 2017-05-04T17:29:10+08:00 ] /member/login?redirecturl=%2Forder%2Fmy_order_list | NOTIC: [8192] preg_replace(): The /e modifier is deprecated, use preg_replace_callback instead ThinkTemplate.class.php 第 406 行.
[ 2017-05-04T17:29:10+08:00 ] /member/login?redirecturl=%2Forder%2Fmy_order_list | NOTIC: [8192] preg_replace(): The /e modifier is deprecated, use preg_replace_callback instead ThinkTemplate.class.php 第 406 行.
[ 2017-05-04T17:29:10+08:00 ] /member/login?redirecturl=%2Forder%2Fmy_order_list | NOTIC: [8192] preg_replace(): The /e modifier is deprecated, use preg_replace_callback instead ThinkTemplate.class.php 第 406 行.
[ 2017-05-04T17:29:10+08:00 ] /member/login?redirecturl=%2Forder%2Fmy_order_list | NOTIC: [8192] preg_replace(): The /e modifier is deprecated, use preg_replace_callback instead ThinkTemplate.class.php 第 406 行.
[ 2017-05-04T17:29:10+08:00 ] /member/login?redirecturl=%2Forder%2Fmy_order_list | NOTIC: [8192] preg_replace(): The /e modifier is deprecated, use preg_replace_callback instead ThinkTemplate.class.php 第 406 行.
[ 2017-05-04T17:29:10+08:00 ] /member/login?redirecturl=%2Forder%2Fmy_order_list | NOTIC: [8192] preg_replace(): The /e modifier is deprecated, use preg_replace_callback instead ThinkTemplate.class.php 第 406 行.
[ 2017-05-04T17:29:10+08:00 ] /member/login?redirecturl=%2Forder%2Fmy_order_list | NOTIC: [8192] preg_replace(): The /e modifier is deprecated, use preg_replace_callback instead ThinkTemplate.class.php 第 406 行.
[ 2017-05-04T17:29:10+08:00 ] /member/login?redirecturl=%2Forder%2Fmy_order_list | NOTIC: [8192] preg_replace(): The /e modifier is deprecated, use preg_replace_callback instead ThinkTemplate.class.php 第 406 行.
[ 2017-05-04T17:29:10+08:00 ] /member/login?redirecturl=%2Forder%2Fmy_order_list | NOTIC: [8192] preg_replace(): The /e modifier is deprecated, use preg_replace_callback instead ThinkTemplate.class.php 第 406 行.
[ 2017-05-04T17:29:10+08:00 ] /member/login?redirecturl=%2Forder%2Fmy_order_list | NOTIC: [8192] preg_replace(): The /e modifier is deprecated, use preg_replace_callback instead ThinkTemplate.class.php 第 406 行.
[ 2017-05-04T17:29:10+08:00 ] /member/login?redirecturl=%2Forder%2Fmy_order_list | NOTIC: [8192] preg_replace(): The /e modifier is deprecated, use preg_replace_callback instead ThinkTemplate.class.php 第 406 行.
[ 2017-05-04T17:29:10+08:00 ] /member/login?redirecturl=%2Forder%2Fmy_order_list | NOTIC: [8192] preg_replace(): The /e modifier is deprecated, use preg_replace_callback instead ThinkTemplate.class.php 第 406 行.
[ 2017-05-04T17:29:10+08:00 ] /member/login?redirecturl=%2Forder%2Fmy_order_list | NOTIC: [8192] preg_replace(): The /e modifier is deprecated, use preg_replace_callback instead ThinkTemplate.class.php 第 402 行.
[ 2017-05-04T17:29:10+08:00 ] /member/login?redirecturl=%2Forder%2Fmy_order_list | NOTIC: [8192] preg_replace(): The /e modifier is deprecated, use preg_replace_callback instead ThinkTemplate.class.php 第 402 行.
[ 2017-05-04T17:29:10+08:00 ] /member/login?redirecturl=%2Forder%2Fmy_order_list | NOTIC: [8192] preg_replace(): The /e modifier is deprecated, use preg_replace_callback instead ThinkTemplate.class.php 第 402 行.
[ 2017-05-04T17:29:10+08:00 ] /member/login?redirecturl=%2Forder%2Fmy_order_list | NOTIC: [8192] preg_replace(): The /e modifier is deprecated, use preg_replace_callback instead ThinkTemplate.class.php 第 402 行.
[ 2017-05-04T17:29:10+08:00 ] /member/login?redirecturl=%2Forder%2Fmy_order_list | NOTIC: [8192] preg_replace(): The /e modifier is deprecated, use preg_replace_callback instead ThinkTemplate.class.php 第 402 行.
[ 2017-05-04T17:29:10+08:00 ] /member/login?redirecturl=%2Forder%2Fmy_order_list | NOTIC: [8192] preg_replace(): The /e modifier is deprecated, use preg_replace_callback instead ThinkTemplate.class.php 第 402 行.
[ 2017-05-04T17:29:10+08:00 ] /member/login?redirecturl=%2Forder%2Fmy_order_list | NOTIC: [8192] preg_replace(): The /e modifier is deprecated, use preg_replace_callback instead ThinkTemplate.class.php 第 406 行.
[ 2017-05-04T17:29:10+08:00 ] /member/login?redirecturl=%2Forder%2Fmy_order_list | NOTIC: [8192] preg_replace(): The /e modifier is deprecated, use preg_replace_callback instead ThinkTemplate.class.php 第 406 行.
[ 2017-05-04T17:29:10+08:00 ] /member/login?redirecturl=%2Forder%2Fmy_order_list | NOTIC: [8192] preg_replace(): The /e modifier is deprecated, use preg_replace_callback instead ThinkTemplate.class.php 第 406 行.
[ 2017-05-04T17:29:10+08:00 ] /member/login?redirecturl=%2Forder%2Fmy_order_list | NOTIC: [8192] preg_replace(): The /e modifier is deprecated, use preg_replace_callback instead ThinkTemplate.class.php 第 220 行.
[ 2017-05-04T17:29:10+08:00 ] /member/login?redirecturl=%2Forder%2Fmy_order_list | NOTIC: [8192] preg_replace(): The /e modifier is deprecated, use preg_replace_callback instead ThinkTemplate.class.php 第 154 行.
[ 2017-05-04T17:29:10+08:00 ] /member/login?redirecturl=%2Forder%2Fmy_order_list | NOTIC: [8] Undefined variable: pageseo 1a59177fe43ca262a7500436e36513c5.php 第 8 行.
[ 2017-05-04T17:29:10+08:00 ] /member/login?redirecturl=%2Forder%2Fmy_order_list | NOTIC: [8] Undefined variable: pageseo 1a59177fe43ca262a7500436e36513c5.php 第 9 行.
[ 2017-05-04T17:29:10+08:00 ] /member/login?redirecturl=%2Forder%2Fmy_order_list | NOTIC: [8] Undefined variable: pageseo 1a59177fe43ca262a7500436e36513c5.php 第 10 行.
[ 2017-05-04T17:29:10+08:00 ] /member/login?redirecturl=%2Forder%2Fmy_order_list | INFO: Run ParseTemplate Behavior [ RunTime:0.063439s ]
[ 2017-05-04T17:29:10+08:00 ] /member/login?redirecturl=%2Forder%2Fmy_order_list | INFO: Tag[ view_parse ] --END-- [ RunTime:0.063473s ]
[ 2017-05-04T17:29:10+08:00 ] /member/login?redirecturl=%2Forder%2Fmy_order_list | INFO: Tag[ view_filter ] --START--
[ 2017-05-04T17:29:10+08:00 ] /member/login?redirecturl=%2Forder%2Fmy_order_list | INFO: Run ContentReplace Behavior [ RunTime:0.000432s ]
[ 2017-05-04T17:29:10+08:00 ] /member/login?redirecturl=%2Forder%2Fmy_order_list | INFO: Run TokenBuild Behavior [ RunTime:0.000333s ]
[ 2017-05-04T17:29:10+08:00 ] /member/login?redirecturl=%2Forder%2Fmy_order_list | INFO: Run WriteHtmlCache Behavior [ RunTime:0.000234s ]
[ 2017-05-04T17:29:10+08:00 ] /member/login?redirecturl=%2Forder%2Fmy_order_list | INFO: Run ShowRuntime Behavior [ RunTime:0.000316s ]
[ 2017-05-04T17:29:10+08:00 ] /member/login?redirecturl=%2Forder%2Fmy_order_list | INFO: Tag[ view_filter ] --END-- [ RunTime:0.001407s ]
[ 2017-05-04T17:29:10+08:00 ] /member/login?redirecturl=%2Forder%2Fmy_order_list | INFO: Tag[ view_end ] --START--
[ 2017-05-04T17:29:10+08:00 ] /member/login?redirecturl=%2Forder%2Fmy_order_list | INFO: Run ShowPageTrace Behavior [ RunTime:0.002183s ]
[ 2017-05-04T17:29:10+08:00 ] /member/login?redirecturl=%2Forder%2Fmy_order_list | INFO: Tag[ view_end ] --END-- [ RunTime:0.002287s ]

