[11-Apr-2017 14:01:19 PRC] PHP Parse error:  syntax error, unexpected '\' (T_NS_SEPARATOR), expecting function (T_FUNCTION) in E:\project\www.dhgj.com\manager\Lib\Action\MemberAction.class.php on line 4
[11-Apr-2017 16:13:16 PRC] PHP Parse error:  syntax error, unexpected '5' (T_LNUMBER) in E:\project\www.dhgj.com\manager\Lib\Action\MemberAction.class.php on line 51
[11-Apr-2017 16:13:16 PRC] PHP Parse error:  syntax error, unexpected '5' (T_LNUMBER) in E:\project\www.dhgj.com\manager\Lib\Action\MemberAction.class.php on line 51
[11-Apr-2017 17:28:54 PRC] PHP Parse error:  syntax error, unexpected ')' in E:\project\www.dhgj.com\manager\Lib\Action\MemberAction.class.php on line 77
[12-Apr-2017 09:41:22 PRC] PHP Fatal error:  Call to undefined function gen_password() in E:\project\www.dhgj.com\manager\Lib\Action\MemberAction.class.php on line 62
[12-Apr-2017 10:12:28 PRC] PHP Parse error:  syntax error, unexpected '=' in E:\project\www.dhgj.com\manager\Lib\Action\MemberAction.class.php on line 79
[12-Apr-2017 10:12:28 PRC] PHP Parse error:  syntax error, unexpected '=' in E:\project\www.dhgj.com\manager\Lib\Action\MemberAction.class.php on line 79
[12-Apr-2017 10:35:41 PRC] PHP Parse error:  syntax error, unexpected '}' in E:\project\www.dhgj.com\manager\Lib\Action\MemberAction.class.php on line 45
[12-Apr-2017 14:55:49 PRC] PHP Parse error:  syntax error, unexpected 'pic_info' (T_STRING), expecting variable (T_VARIABLE) in E:\project\www.dhgj.com\manager\Lib\Action\OrderAction.class.php on line 35
[12-Apr-2017 15:07:55 PRC] PHP Fatal error:  Call to a member function get() on a non-object in E:\project\www.dhgj.com\ThinkPHP\Lib\Core\Action.class.php on line 177
[12-Apr-2017 15:09:14 PRC] PHP Fatal error:  Call to a member function assign() on a non-object in E:\project\www.dhgj.com\ThinkPHP\Lib\Core\Action.class.php on line 158
[12-Apr-2017 15:09:40 PRC] PHP Fatal error:  Call to a member function assign() on a non-object in E:\project\www.dhgj.com\ThinkPHP\Lib\Core\Action.class.php on line 158
[12-Apr-2017 15:10:31 PRC] PHP Parse error:  syntax error, unexpected '(', expecting ',' or ';' in E:\project\www.dhgj.com\manager\Lib\Action\OrderAction.class.php on line 9
[12-Apr-2017 15:11:03 PRC] PHP Parse error:  syntax error, unexpected '(', expecting ',' or ';' in E:\project\www.dhgj.com\manager\Lib\Action\OrderAction.class.php on line 9
[14-Apr-2017 13:39:49 PRC] PHP Parse error:  syntax error, unexpected '$this' (T_VARIABLE) in E:\project\www.dhgj.com\manager\Lib\Action\OrderAction.class.php on line 70
[14-Apr-2017 15:04:07 PRC] PHP Parse error:  syntax error, unexpected '->' (T_OBJECT_OPERATOR) in E:\project\www.dhgj.com\manager\Lib\Action\MediaAction.class.php on line 19
[14-Apr-2017 16:02:14 PRC] PHP Fatal error:  Class 'EditorUpload' not found in E:\project\www.dhgj.com\manager\Lib\Action\PublicAction.class.php on line 78
[17-Apr-2017 09:57:47 PRC] PHP Fatal error:  Function name must be a string in E:\project\www.dhgj.com\manager\Lib\Action\MediaAction.class.php on line 45
[17-Apr-2017 09:59:37 PRC] PHP Fatal error:  Function name must be a string in E:\project\www.dhgj.com\manager\Lib\Action\MediaAction.class.php on line 45
[17-Apr-2017 10:01:35 PRC] PHP Fatal error:  Function name must be a string in E:\project\www.dhgj.com\manager\Lib\Action\MediaAction.class.php on line 45
[17-Apr-2017 10:03:35 PRC] PHP Fatal error:  Function name must be a string in E:\project\www.dhgj.com\manager\Lib\Action\MediaAction.class.php on line 45
[17-Apr-2017 10:06:29 PRC] PHP Fatal error:  Function name must be a string in E:\project\www.dhgj.com\manager\Lib\Action\MediaAction.class.php on line 45
[17-Apr-2017 10:11:55 PRC] PHP Parse error:  syntax error, unexpected '$where' (T_VARIABLE) in E:\project\www.dhgj.com\manager\Lib\Action\MediaAction.class.php on line 17
[17-Apr-2017 10:45:34 PRC] PHP Parse error:  syntax error, unexpected '$this' (T_VARIABLE) in E:\project\www.dhgj.com\manager\Lib\Action\MediaAction.class.php on line 89
[17-Apr-2017 15:07:42 PRC] PHP Parse error:  syntax error, unexpected '=' in E:\project\www.dhgj.com\manager\Lib\Action\MediaAction.class.php on line 54
[17-Apr-2017 15:08:04 PRC] PHP Parse error:  syntax error, unexpected '}' in E:\project\www.dhgj.com\manager\Lib\Action\MediaAction.class.php on line 57
[17-Apr-2017 15:08:04 PRC] PHP Parse error:  syntax error, unexpected '}' in E:\project\www.dhgj.com\manager\Lib\Action\MediaAction.class.php on line 57
[17-Apr-2017 15:08:05 PRC] PHP Parse error:  syntax error, unexpected '}' in E:\project\www.dhgj.com\manager\Lib\Action\MediaAction.class.php on line 57
[17-Apr-2017 15:08:05 PRC] PHP Parse error:  syntax error, unexpected '}' in E:\project\www.dhgj.com\manager\Lib\Action\MediaAction.class.php on line 57
[17-Apr-2017 15:08:05 PRC] PHP Parse error:  syntax error, unexpected '}' in E:\project\www.dhgj.com\manager\Lib\Action\MediaAction.class.php on line 57
[17-Apr-2017 15:33:10 PRC] PHP Parse error:  syntax error, unexpected '=', expecting ')' in E:\project\www.dhgj.com\manager\Runtime\Cache\0cf354fa9af367ba39e08d737ec4e4ce.php on line 117
[17-Apr-2017 16:22:41 PRC] PHP Parse error:  syntax error, unexpected '}' in E:\project\www.dhgj.com\manager\Lib\Action\MediaAction.class.php on line 160
[17-Apr-2017 16:22:48 PRC] PHP Fatal error:  Cannot use try without catch or finally in E:\project\www.dhgj.com\manager\Lib\Action\MediaAction.class.php on line 160
[17-Apr-2017 16:22:50 PRC] PHP Fatal error:  Cannot use try without catch or finally in E:\project\www.dhgj.com\manager\Lib\Action\MediaAction.class.php on line 160
[19-Apr-2017 15:45:59 PRC] PHP Fatal error:  Call to undefined function sum() in E:\project\www.dhgj.com\manager\Runtime\Cache\7fc85e91c05745bc5ac88324be530b0f.php on line 64
[19-Apr-2017 15:58:08 PRC] PHP Parse error:  syntax error, unexpected ';' in E:\project\www.dhgj.com\manager\Lib\Action\IndexAction.class.php on line 17
[19-Apr-2017 15:59:28 PRC] PHP Parse error:  syntax error, unexpected ';', expecting ')' in E:\project\www.dhgj.com\manager\Lib\Action\IndexAction.class.php on line 22
[19-Apr-2017 15:59:39 PRC] PHP Parse error:  syntax error, unexpected ';', expecting ')' in E:\project\www.dhgj.com\manager\Lib\Action\IndexAction.class.php on line 22
[19-Apr-2017 15:59:49 PRC] PHP Parse error:  syntax error, unexpected ';', expecting ')' in E:\project\www.dhgj.com\manager\Lib\Action\IndexAction.class.php on line 22
[19-Apr-2017 15:59:59 PRC] PHP Parse error:  syntax error, unexpected ';', expecting ')' in E:\project\www.dhgj.com\manager\Lib\Action\IndexAction.class.php on line 22
[19-Apr-2017 16:00:09 PRC] PHP Parse error:  syntax error, unexpected ';', expecting ')' in E:\project\www.dhgj.com\manager\Lib\Action\IndexAction.class.php on line 22
[19-Apr-2017 16:00:19 PRC] PHP Parse error:  syntax error, unexpected ';', expecting ')' in E:\project\www.dhgj.com\manager\Lib\Action\IndexAction.class.php on line 22
[19-Apr-2017 16:00:29 PRC] PHP Parse error:  syntax error, unexpected ';', expecting ')' in E:\project\www.dhgj.com\manager\Lib\Action\IndexAction.class.php on line 22
[19-Apr-2017 16:00:39 PRC] PHP Parse error:  syntax error, unexpected ';', expecting ')' in E:\project\www.dhgj.com\manager\Lib\Action\IndexAction.class.php on line 22
[19-Apr-2017 16:00:49 PRC] PHP Parse error:  syntax error, unexpected ';', expecting ')' in E:\project\www.dhgj.com\manager\Lib\Action\IndexAction.class.php on line 22
[19-Apr-2017 16:00:59 PRC] PHP Parse error:  syntax error, unexpected ';', expecting ')' in E:\project\www.dhgj.com\manager\Lib\Action\IndexAction.class.php on line 22
[19-Apr-2017 16:01:09 PRC] PHP Parse error:  syntax error, unexpected ';', expecting ')' in E:\project\www.dhgj.com\manager\Lib\Action\IndexAction.class.php on line 22
[19-Apr-2017 16:01:19 PRC] PHP Parse error:  syntax error, unexpected ';', expecting ')' in E:\project\www.dhgj.com\manager\Lib\Action\IndexAction.class.php on line 22
[19-Apr-2017 16:01:29 PRC] PHP Parse error:  syntax error, unexpected ';', expecting ')' in E:\project\www.dhgj.com\manager\Lib\Action\IndexAction.class.php on line 22
[19-Apr-2017 16:01:39 PRC] PHP Parse error:  syntax error, unexpected ';', expecting ')' in E:\project\www.dhgj.com\manager\Lib\Action\IndexAction.class.php on line 22
[19-Apr-2017 16:01:49 PRC] PHP Parse error:  syntax error, unexpected ';', expecting ')' in E:\project\www.dhgj.com\manager\Lib\Action\IndexAction.class.php on line 22
[19-Apr-2017 16:01:59 PRC] PHP Parse error:  syntax error, unexpected ';', expecting ')' in E:\project\www.dhgj.com\manager\Lib\Action\IndexAction.class.php on line 22
[19-Apr-2017 16:02:09 PRC] PHP Parse error:  syntax error, unexpected ';', expecting ')' in E:\project\www.dhgj.com\manager\Lib\Action\IndexAction.class.php on line 22
[19-Apr-2017 16:02:19 PRC] PHP Parse error:  syntax error, unexpected ';', expecting ')' in E:\project\www.dhgj.com\manager\Lib\Action\IndexAction.class.php on line 22
[19-Apr-2017 16:02:29 PRC] PHP Parse error:  syntax error, unexpected ';', expecting ')' in E:\project\www.dhgj.com\manager\Lib\Action\IndexAction.class.php on line 22
[19-Apr-2017 16:02:39 PRC] PHP Parse error:  syntax error, unexpected ';', expecting ')' in E:\project\www.dhgj.com\manager\Lib\Action\IndexAction.class.php on line 22
[19-Apr-2017 16:02:49 PRC] PHP Parse error:  syntax error, unexpected ';', expecting ')' in E:\project\www.dhgj.com\manager\Lib\Action\IndexAction.class.php on line 22
[19-Apr-2017 16:02:59 PRC] PHP Parse error:  syntax error, unexpected ';', expecting ')' in E:\project\www.dhgj.com\manager\Lib\Action\IndexAction.class.php on line 22
[19-Apr-2017 16:03:09 PRC] PHP Parse error:  syntax error, unexpected ';', expecting ')' in E:\project\www.dhgj.com\manager\Lib\Action\IndexAction.class.php on line 22
[19-Apr-2017 16:03:18 PRC] PHP Parse error:  syntax error, unexpected ';', expecting ')' in E:\project\www.dhgj.com\manager\Lib\Action\IndexAction.class.php on line 22
[19-Apr-2017 16:03:28 PRC] PHP Parse error:  syntax error, unexpected ';', expecting ')' in E:\project\www.dhgj.com\manager\Lib\Action\IndexAction.class.php on line 22
[19-Apr-2017 16:03:38 PRC] PHP Parse error:  syntax error, unexpected ';', expecting ')' in E:\project\www.dhgj.com\manager\Lib\Action\IndexAction.class.php on line 22
[19-Apr-2017 16:03:48 PRC] PHP Parse error:  syntax error, unexpected ';', expecting ')' in E:\project\www.dhgj.com\manager\Lib\Action\IndexAction.class.php on line 22
[19-Apr-2017 16:03:58 PRC] PHP Parse error:  syntax error, unexpected ';', expecting ')' in E:\project\www.dhgj.com\manager\Lib\Action\IndexAction.class.php on line 22
[19-Apr-2017 16:04:08 PRC] PHP Parse error:  syntax error, unexpected ';', expecting ')' in E:\project\www.dhgj.com\manager\Lib\Action\IndexAction.class.php on line 22
[19-Apr-2017 16:04:18 PRC] PHP Parse error:  syntax error, unexpected ';', expecting ')' in E:\project\www.dhgj.com\manager\Lib\Action\IndexAction.class.php on line 22
[19-Apr-2017 16:04:28 PRC] PHP Parse error:  syntax error, unexpected ';', expecting ')' in E:\project\www.dhgj.com\manager\Lib\Action\IndexAction.class.php on line 22
[19-Apr-2017 16:04:38 PRC] PHP Parse error:  syntax error, unexpected ';', expecting ')' in E:\project\www.dhgj.com\manager\Lib\Action\IndexAction.class.php on line 22
[19-Apr-2017 16:04:48 PRC] PHP Parse error:  syntax error, unexpected ';', expecting ')' in E:\project\www.dhgj.com\manager\Lib\Action\IndexAction.class.php on line 22
[19-Apr-2017 16:04:58 PRC] PHP Parse error:  syntax error, unexpected ';', expecting ')' in E:\project\www.dhgj.com\manager\Lib\Action\IndexAction.class.php on line 22
[19-Apr-2017 16:05:08 PRC] PHP Parse error:  syntax error, unexpected ';', expecting ')' in E:\project\www.dhgj.com\manager\Lib\Action\IndexAction.class.php on line 22
[19-Apr-2017 16:05:18 PRC] PHP Parse error:  syntax error, unexpected ';', expecting ')' in E:\project\www.dhgj.com\manager\Lib\Action\IndexAction.class.php on line 22
[19-Apr-2017 16:05:28 PRC] PHP Parse error:  syntax error, unexpected ';', expecting ')' in E:\project\www.dhgj.com\manager\Lib\Action\IndexAction.class.php on line 22
[19-Apr-2017 16:05:29 PRC] PHP Parse error:  syntax error, unexpected ';', expecting ')' in E:\project\www.dhgj.com\manager\Lib\Action\IndexAction.class.php on line 22
[19-Apr-2017 16:05:38 PRC] PHP Parse error:  syntax error, unexpected ';', expecting ')' in E:\project\www.dhgj.com\manager\Lib\Action\IndexAction.class.php on line 22
[19-Apr-2017 16:05:48 PRC] PHP Parse error:  syntax error, unexpected ';', expecting ')' in E:\project\www.dhgj.com\manager\Lib\Action\IndexAction.class.php on line 22
[19-Apr-2017 16:05:58 PRC] PHP Parse error:  syntax error, unexpected ';', expecting ')' in E:\project\www.dhgj.com\manager\Lib\Action\IndexAction.class.php on line 22
[19-Apr-2017 16:06:08 PRC] PHP Parse error:  syntax error, unexpected ';', expecting ')' in E:\project\www.dhgj.com\manager\Lib\Action\IndexAction.class.php on line 22
[19-Apr-2017 16:06:18 PRC] PHP Parse error:  syntax error, unexpected ';', expecting ')' in E:\project\www.dhgj.com\manager\Lib\Action\IndexAction.class.php on line 22
[15-May-2017 16:12:48 PRC] PHP Parse error:  syntax error, unexpected 'return' (T_RETURN) in E:\project\www.dhgj.com\manager\Lib\Action\IndexAction.class.php on line 50
[27-May-2017 11:23:22 PRC] PHP Parse error:  syntax error, unexpected '$this' (T_VARIABLE) in E:\project\www.dhgj.com\manager\Lib\Action\CommonAction.class.php on line 41
[27-May-2017 11:31:57 PRC] PHP Parse error:  syntax error, unexpected 'dump' (T_STRING) in E:\project\www.dhgj.com\manager\Lib\Action\IndexAction.class.php on line 17
[27-May-2017 11:32:07 PRC] PHP Parse error:  syntax error, unexpected 'dump' (T_STRING) in E:\project\www.dhgj.com\manager\Lib\Action\IndexAction.class.php on line 17
[27-May-2017 11:32:17 PRC] PHP Parse error:  syntax error, unexpected 'dump' (T_STRING) in E:\project\www.dhgj.com\manager\Lib\Action\IndexAction.class.php on line 17
[27-May-2017 11:32:27 PRC] PHP Parse error:  syntax error, unexpected 'dump' (T_STRING) in E:\project\www.dhgj.com\manager\Lib\Action\IndexAction.class.php on line 17
[27-May-2017 11:32:37 PRC] PHP Parse error:  syntax error, unexpected 'dump' (T_STRING) in E:\project\www.dhgj.com\manager\Lib\Action\IndexAction.class.php on line 17
[27-May-2017 11:32:46 PRC] PHP Parse error:  syntax error, unexpected 'dump' (T_STRING) in E:\project\www.dhgj.com\manager\Lib\Action\IndexAction.class.php on line 17
